TN:
SF:src\app.controller.ts
FN:6,(anonymous_2)
FN:9,(anonymous_3)
FNF:2
FNH:1
FNDA:9,(anonymous_2)
FNDA:0,(anonymous_3)
DA:1,9
DA:2,9
DA:5,9
DA:6,9
DA:9,9
DA:10,0
LF:6
LH:5
BRF:0
BRH:0
end_of_record
TN:
SF:src\app.service.ts
FN:5,(anonymous_1)
FNF:1
FNH:0
FNDA:0,(anonymous_1)
DA:1,9
DA:4,9
DA:6,0
LF:3
LH:2
BRF:0
BRH:0
end_of_record
TN:
SF:src\validate-seeders-e2e.ts
FN:19,validateSeedersE2E
FN:120,(anonymous_1)
FN:122,(anonymous_2)
FN:145,(anonymous_3)
FNF:4
FNH:0
FNDA:0,validateSeedersE2E
FNDA:0,(anonymous_1)
FNDA:0,(anonymous_2)
FNDA:0,(anonymous_3)
DA:1,0
DA:2,0
DA:3,0
DA:4,0
DA:5,0
DA:6,0
DA:7,0
DA:8,0
DA:9,0
DA:10,0
DA:11,0
DA:12,0
DA:13,0
DA:20,0
DA:22,0
DA:24,0
DA:26,0
DA:27,0
DA:30,0
DA:31,0
DA:32,0
DA:34,0
DA:37,0
DA:38,0
DA:39,0
DA:40,0
DA:41,0
DA:44,0
DA:46,0
DA:47,0
DA:48,0
DA:49,0
DA:51,0
DA:52,0
DA:53,0
DA:54,0
DA:56,0
DA:57,0
DA:58,0
DA:59,0
DA:61,0
DA:62,0
DA:63,0
DA:64,0
DA:65,0
DA:67,0
DA:68,0
DA:69,0
DA:70,0
DA:72,0
DA:73,0
DA:74,0
DA:75,0
DA:78,0
DA:81,0
DA:87,0
DA:88,0
DA:92,0
DA:95,0
DA:101,0
DA:102,0
DA:106,0
DA:109,0
DA:112,0
DA:113,0
DA:115,0
DA:118,0
DA:119,0
DA:120,0
DA:122,0
DA:124,0
DA:125,0
DA:127,0
DA:128,0
DA:129,0
DA:130,0
DA:131,0
DA:132,0
DA:133,0
DA:134,0
DA:136,0
DA:137,0
DA:139,0
DA:140,0
DA:145,0
DA:146,0
DA:147,0
LF:87
LH:0
BRDA:87,0,0,0
BRDA:101,1,0,0
BRDA:112,2,0,0
BRF:3
BRH:0
end_of_record
TN:
SF:src\common\decorators\rate-limit.decorator.ts
FN:47,(anonymous_0)
FNF:1
FNH:1
FNDA:27,(anonymous_0)
DA:1,9
DA:6,9
DA:47,9
DA:50,27
DA:56,27
LF:5
LH:5
BRDA:51,0,0,27
BRDA:51,0,1,0
BRDA:52,1,0,27
BRDA:52,1,1,0
BRDA:53,2,0,27
BRDA:53,2,1,0
BRDA:53,2,2,0
BRF:7
BRH:3
end_of_record
TN:
SF:src\common\decorators\roles.decorator.ts
FN:18,(anonymous_0)
FNF:1
FNH:1
FNDA:63,(anonymous_0)
DA:1,9
DA:4,9
DA:18,63
LF:3
LH:3
BRF:0
BRH:0
end_of_record
TN:
SF:src\common\decorators\sanitize.decorator.ts
FN:8,SanitizeHtml
FN:9,(anonymous_1)
FN:63,Trim
FN:64,(anonymous_3)
FN:75,NormalizeWhitespace
FN:76,(anonymous_5)
FN:87,ToLowerCase
FN:88,(anonymous_7)
FN:99,SanitizeEmail
FN:100,(anonymous_9)
FNF:10
FNH:4
FNDA:108,SanitizeHtml
FNDA:31,(anonymous_1)
FNDA:63,Trim
FNDA:0,(anonymous_3)
FNDA:0,NormalizeWhitespace
FNDA:0,(anonymous_5)
FNDA:0,ToLowerCase
FNDA:0,(anonymous_7)
FNDA:27,SanitizeEmail
FNDA:0,(anonymous_9)
DA:1,9
DA:8,9
DA:9,108
DA:10,31
DA:11,0
DA:14,31
DA:17,31
DA:23,31
DA:29,31
DA:30,31
DA:33,31
DA:34,31
DA:37,31
DA:38,31
DA:41,0
DA:42,0
DA:46,0
DA:50,31
DA:51,31
DA:54,31
DA:56,31
DA:63,9
DA:64,63
DA:65,0
DA:66,0
DA:68,0
DA:75,9
DA:76,0
DA:77,0
DA:78,0
DA:80,0
DA:87,9
DA:88,0
DA:89,0
DA:90,0
DA:92,0
DA:99,9
DA:100,27
DA:101,0
DA:103,0
DA:106,0
DA:109,0
DA:111,0
DA:113,0
LF:44
LH:23
BRDA:8,0,0,108
BRDA:10,1,0,0
BRDA:37,2,0,31
BRDA:37,2,1,0
BRDA:65,3,0,0
BRDA:77,4,0,0
BRDA:89,5,0,0
BRDA:101,6,0,0
BRF:8
BRH:2
end_of_record
TN:
SF:src\common\enums\user-role.enum.ts
FN:5,(anonymous_0)
FNF:1
FNH:1
FNDA:9,(anonymous_0)
DA:5,9
DA:7,9
DA:9,9
DA:11,9
LF:4
LH:4
BRDA:5,0,0,9
BRDA:5,0,1,9
BRF:2
BRH:2
end_of_record
TN:
SF:src\common\filters\throttler-exception.filter.ts
FN:16,(anonymous_1)
FNF:1
FNH:0
FNDA:0,(anonymous_1)
DA:1,9
DA:7,9
DA:15,9
DA:17,0
DA:18,0
DA:19,0
DA:22,0
DA:23,0
DA:24,0
DA:25,0
DA:28,0
DA:33,0
DA:35,0
LF:13
LH:3
BRDA:28,0,0,0
BRDA:28,0,1,0
BRDA:30,1,0,0
BRDA:30,1,1,0
BRDA:40,2,0,0
BRDA:40,2,1,0
BRDA:41,3,0,0
BRDA:41,3,1,0
BRF:8
BRH:0
end_of_record
TN:
SF:src\common\guards\custom-throttler.guard.ts
FN:38,(anonymous_4)
FN:61,(anonymous_5)
FN:119,(anonymous_6)
FN:128,(anonymous_7)
FN:160,(anonymous_8)
FNF:5
FNH:3
FNDA:9,(anonymous_4)
FNDA:74,(anonymous_5)
FNDA:0,(anonymous_6)
FNDA:0,(anonymous_7)
FNDA:74,(anonymous_8)
DA:1,9
DA:8,9
DA:15,9
DA:17,9
DA:18,9
DA:19,9
DA:34,9
DA:35,9
DA:42,9
DA:43,9
DA:45,9
DA:46,9
DA:49,9
DA:50,0
DA:54,9
DA:55,0
DA:62,74
DA:63,74
DA:66,74
DA:67,74
DA:68,74
DA:72,0
DA:73,0
DA:74,0
DA:75,0
DA:80,0
DA:83,0
DA:84,0
DA:85,0
DA:94,0
DA:95,0
DA:101,0
DA:104,0
DA:105,0
DA:106,0
DA:107,0
DA:111,0
DA:116,0
DA:121,0
DA:122,0
DA:123,0
DA:125,0
DA:139,0
DA:142,0
DA:143,0
DA:146,0
DA:149,0
DA:163,74
DA:164,74
DA:165,0
DA:166,0
DA:168,74
LF:52
LH:22
BRDA:49,0,0,0
BRDA:54,1,0,0
BRDA:66,2,0,74
BRDA:72,3,0,0
BRDA:73,4,0,0
BRDA:83,5,0,0
BRDA:94,6,0,0
BRDA:104,7,0,0
BRDA:125,8,0,0
BRDA:125,8,1,0
BRDA:143,9,0,0
BRDA:143,9,1,0
BRDA:146,10,0,0
BRDA:146,10,1,0
BRDA:164,11,0,0
BRDA:166,12,0,0
BRDA:166,12,1,0
BRDA:166,12,2,0
BRDA:168,13,0,74
BRDA:168,13,1,0
BRF:20
BRH:2
end_of_record
TN:
SF:src\common\guards\roles.guard.ts
FN:14,(anonymous_2)
FN:16,(anonymous_3)
FN:37,(anonymous_4)
FNF:3
FNH:3
FNDA:36,(anonymous_2)
FNDA:18,(anonymous_3)
FNDA:18,(anonymous_4)
DA:1,9
DA:2,9
DA:4,9
DA:13,9
DA:14,36
DA:18,18
DA:24,18
DA:25,0
DA:29,18
DA:30,18
DA:32,18
DA:33,0
DA:37,18
LF:13
LH:11
BRDA:24,0,0,0
BRDA:24,1,0,18
BRDA:24,1,1,18
BRDA:32,2,0,0
BRF:4
BRH:2
end_of_record
TN:
SF:src\common\interceptors\logging.interceptor.ts
FN:20,(anonymous_2)
FN:25,(anonymous_3)
FN:43,(anonymous_4)
FN:57,(anonymous_5)
FN:75,(anonymous_6)
FNF:5
FNH:0
FNDA:0,(anonymous_2)
FNDA:0,(anonymous_3)
FNDA:0,(anonymous_4)
FNDA:0,(anonymous_5)
FNDA:0,(anonymous_6)
DA:1,9
DA:7,9
DA:8,9
DA:10,9
DA:11,9
DA:19,9
DA:21,0
DA:22,0
DA:26,0
DA:27,0
DA:28,0
DA:30,0
DA:31,0
DA:32,0
DA:35,0
DA:42,0
DA:45,0
DA:46,0
DA:48,0
DA:59,0
DA:61,0
DA:75,0
LF:22
LH:6
BRDA:38,0,0,0
BRDA:38,0,1,0
BRDA:39,1,0,0
BRDA:39,1,1,0
BRDA:53,2,0,0
BRDA:53,2,1,0
BRDA:54,3,0,0
BRDA:54,3,1,0
BRDA:63,4,0,0
BRDA:63,4,1,0
BRDA:69,5,0,0
BRDA:69,5,1,0
BRDA:70,6,0,0
BRDA:70,6,1,0
BRDA:71,7,0,0
BRDA:71,7,1,0
BRF:16
BRH:0
end_of_record
TN:
SF:src\common\logger\correlation-id.service.ts
FN:16,(anonymous_1)
FN:27,(anonymous_2)
FN:38,(anonymous_3)
FN:42,(anonymous_4)
FN:43,(anonymous_5)
FN:60,(anonymous_6)
FNF:6
FNH:4
FNDA:0,(anonymous_1)
FNDA:156,(anonymous_2)
FNDA:74,(anonymous_3)
FNDA:74,(anonymous_4)
FNDA:74,(anonymous_5)
FNDA:0,(anonymous_6)
DA:1,9
DA:2,9
DA:3,9
DA:6,9
DA:7,9
DA:17,0
DA:18,0
DA:19,0
DA:28,156
DA:29,156
DA:42,74
DA:43,74
DA:44,74
DA:45,74
DA:46,74
DA:48,0
DA:61,0
LF:17
LH:12
BRDA:18,0,0,0
BRDA:49,1,0,0
BRDA:49,1,1,0
BRF:3
BRH:0
end_of_record
TN:
SF:src\common\logger\logger.service.ts
FN:18,(anonymous_2)
FN:39,(anonymous_3)
FN:100,(anonymous_4)
FN:119,(anonymous_5)
FN:126,(anonymous_6)
FN:143,(anonymous_7)
FN:154,(anonymous_8)
FN:165,(anonymous_9)
FN:176,(anonymous_10)
FNF:9
FNH:5
FNDA:9,(anonymous_2)
FNDA:78,(anonymous_3)
FNDA:78,(anonymous_4)
FNDA:77,(anonymous_5)
FNDA:0,(anonymous_6)
FNDA:1,(anonymous_7)
FNDA:0,(anonymous_8)
FNDA:0,(anonymous_9)
FNDA:0,(anonymous_10)
DA:1,9
DA:2,9
DA:3,9
DA:4,9
DA:14,9
DA:18,9
DA:19,9
DA:21,9
DA:22,9
DA:23,9
DA:24,9
DA:27,9
DA:34,9
DA:46,78
DA:47,78
DA:48,78
DA:49,78
DA:50,78
DA:56,9
DA:64,9
DA:65,0
DA:90,9
DA:105,78
DA:107,78
DA:120,77
DA:132,0
DA:148,1
DA:159,0
DA:170,0
DA:181,0
LF:30
LH:25
BRDA:21,0,0,9
BRDA:21,0,1,9
BRDA:22,1,0,9
BRDA:22,1,1,9
BRDA:23,2,0,9
BRDA:23,2,1,9
BRDA:24,3,0,9
BRDA:24,3,1,9
BRDA:47,4,0,78
BRDA:47,4,1,0
BRDA:48,5,0,0
BRDA:48,5,1,78
BRDA:49,6,0,78
BRDA:49,6,1,0
BRDA:59,7,0,9
BRDA:59,7,1,0
BRDA:64,8,0,0
BRDA:110,9,0,78
BRDA:110,9,1,78
BRDA:111,10,0,78
BRDA:111,10,1,0
BRDA:135,11,0,0
BRDA:135,11,1,0
BRF:23
BRH:15
end_of_record
TN:
SF:src\common\middleware\correlation-id.middleware.ts
FN:8,(anonymous_2)
FN:10,(anonymous_3)
FN:27,(anonymous_4)
FNF:3
FNH:3
FNDA:9,(anonymous_2)
FNDA:74,(anonymous_3)
FNDA:74,(anonymous_4)
DA:1,9
DA:3,9
DA:4,9
DA:7,9
DA:8,9
DA:12,74
DA:15,74
DA:16,0
DA:17,74
DA:18,0
DA:20,74
DA:24,74
DA:27,74
DA:28,74
LF:14
LH:12
BRDA:15,0,0,0
BRDA:15,0,1,74
BRDA:15,1,0,74
BRDA:15,1,1,0
BRDA:17,2,0,0
BRDA:17,2,1,74
BRDA:17,3,0,74
BRDA:17,3,1,0
BRF:8
BRH:4
end_of_record
TN:
SF:src\common\rate-limiting\rate-limit.controller.ts
FN:9,(anonymous_4)
FN:19,(anonymous_5)
FNF:2
FNH:1
FNDA:9,(anonymous_4)
FNDA:0,(anonymous_5)
DA:1,9
DA:2,9
DA:3,9
DA:4,9
DA:8,9
DA:9,9
DA:19,9
DA:20,0
DA:25,0
DA:27,0
LF:10
LH:7
BRF:0
BRH:0
end_of_record
TN:
SF:src\common\rate-limiting\rate-limit.service.ts
FN:35,(anonymous_2)
FN:40,(anonymous_3)
FN:70,(anonymous_4)
FNF:3
FNH:1
FNDA:9,(anonymous_2)
FNDA:0,(anonymous_3)
FNDA:0,(anonymous_4)
DA:1,9
DA:2,9
DA:3,9
DA:32,9
DA:33,9
DA:35,9
DA:41,0
DA:42,0
DA:49,0
DA:51,0
DA:58,0
DA:71,0
DA:73,0
DA:74,0
DA:77,0
DA:78,0
DA:79,0
DA:82,0
DA:83,0
DA:104,0
DA:105,0
DA:108,0
DA:109,0
DA:111,0
DA:112,0
DA:114,0
LF:26
LH:6
BRDA:41,0,0,0
BRDA:49,1,0,0
BRDA:49,1,1,0
BRDA:49,1,2,0
BRDA:73,2,0,0
BRDA:77,3,0,0
BRDA:77,3,1,0
BRDA:78,4,0,0
BRDA:78,4,1,0
BRDA:82,5,0,0
BRF:10
BRH:0
end_of_record
TN:
SF:src\common\services\ip-blocking.service.ts
FN:36,(anonymous_1)
FN:81,(anonymous_2)
FN:100,(anonymous_3)
FN:117,(anonymous_4)
FN:128,(anonymous_5)
FN:145,(anonymous_6)
FN:179,(anonymous_7)
FN:210,(anonymous_8)
FNF:8
FNH:0
FNDA:0,(anonymous_1)
FNDA:0,(anonymous_2)
FNDA:0,(anonymous_3)
FNDA:0,(anonymous_4)
FNDA:0,(anonymous_5)
FNDA:0,(anonymous_6)
FNDA:0,(anonymous_7)
FNDA:0,(anonymous_8)
DA:1,9
DA:25,9
DA:26,9
DA:27,9
DA:28,9
DA:29,9
DA:30,9
DA:37,0
DA:38,0
DA:40,0
DA:43,0
DA:44,0
DA:45,0
DA:51,0
DA:58,0
DA:65,0
DA:66,0
DA:67,0
DA:68,0
DA:70,0
DA:82,0
DA:83,0
DA:86,0
DA:87,0
DA:88,0
DA:91,0
DA:105,0
DA:106,0
DA:107,0
DA:108,0
DA:118,0
DA:119,0
DA:120,0
DA:129,0
DA:130,0
DA:133,0
DA:134,0
DA:135,0
DA:138,0
DA:156,0
DA:157,0
DA:159,0
DA:161,0
DA:162,0
DA:163,0
DA:172,0
DA:185,0
DA:191,0
DA:193,0
DA:194,0
DA:195,0
DA:204,0
DA:211,0
DA:212,0
DA:213,0
LF:55
LH:7
BRDA:40,0,0,0
BRDA:40,0,1,0
BRDA:44,1,0,0
BRDA:44,1,1,0
BRDA:66,2,0,0
BRDA:66,2,1,0
BRDA:66,3,0,0
BRDA:66,3,1,0
BRDA:83,4,0,0
BRDA:86,5,0,0
BRDA:103,6,0,0
BRDA:130,7,0,0
BRDA:134,8,0,0
BRDA:162,9,0,0
BRDA:194,10,0,0
BRF:15
BRH:0
end_of_record
TN:
SF:src\common\services\ip-whitelist.service.ts
FN:11,(anonymous_2)
FN:15,(anonymous_3)
FN:16,(anonymous_4)
FN:35,(anonymous_5)
FN:43,(anonymous_6)
FN:52,(anonymous_7)
FN:61,(anonymous_8)
FN:68,(anonymous_9)
FNF:8
FNH:2
FNDA:9,(anonymous_2)
FNDA:0,(anonymous_3)
FNDA:0,(anonymous_4)
FNDA:74,(anonymous_5)
FNDA:0,(anonymous_6)
FNDA:0,(anonymous_7)
FNDA:0,(anonymous_8)
FNDA:0,(anonymous_9)
DA:1,9
DA:7,9
DA:8,9
DA:9,9
DA:13,9
DA:14,9
DA:15,0
DA:16,0
DA:17,0
DA:18,0
DA:19,0
DA:25,9
DA:26,9
DA:27,9
DA:36,74
DA:44,0
DA:45,0
DA:53,0
DA:54,0
DA:62,0
DA:69,0
DA:71,0
DA:72,0
DA:73,0
DA:74,0
LF:25
LH:10
BRDA:13,0,0,9
BRDA:13,0,1,9
BRDA:14,1,0,0
BRDA:17,2,0,0
BRF:4
BRH:2
end_of_record
TN:
SF:src\common\services\output-sanitizer.service.ts
FN:60,(anonymous_1)
FN:96,(anonymous_2)
FN:97,(anonymous_3)
FN:106,(anonymous_4)
FN:114,(anonymous_5)
FN:129,(anonymous_6)
FN:143,(anonymous_7)
FN:152,(anonymous_8)
FN:165,(anonymous_9)
FNF:9
FNH:7
FNDA:14,(anonymous_1)
FNDA:0,(anonymous_2)
FNDA:0,(anonymous_3)
FNDA:14,(anonymous_4)
FNDA:126,(anonymous_5)
FNDA:154,(anonymous_6)
FNDA:14,(anonymous_7)
FNDA:56,(anonymous_8)
FNDA:14,(anonymous_9)
DA:1,9
DA:19,9
DA:20,9
DA:25,9
DA:40,9
DA:62,14
DA:63,0
DA:67,14
DA:70,14
DA:73,14
DA:77,14
DA:80,14
DA:81,0
DA:87,14
DA:97,0
DA:108,14
DA:111,14
DA:114,14
DA:116,126
DA:117,126
DA:120,126
DA:121,126
DA:126,14
DA:129,14
DA:130,154
DA:131,154
DA:134,14
DA:144,14
DA:151,14
DA:152,14
DA:153,56
DA:156,14
DA:168,14
LF:33
LH:30
BRDA:62,0,0,0
BRDA:80,1,0,0
BRF:2
BRH:0
end_of_record
TN:
SF:src\common\validators\is-secure-url.validator.ts
FN:14,(anonymous_1)
FN:44,(anonymous_2)
FN:54,(anonymous_3)
FN:64,IsSecureUrl
FN:68,(anonymous_5)
FNF:5
FNH:2
FNDA:0,(anonymous_1)
FNDA:0,(anonymous_2)
FNDA:0,(anonymous_3)
FNDA:27,IsSecureUrl
FNDA:27,(anonymous_5)
DA:1,9
DA:13,9
DA:15,0
DA:16,0
DA:19,0
DA:20,0
DA:23,0
DA:24,0
DA:28,0
DA:29,0
DA:35,0
DA:43,0
DA:44,0
DA:45,0
DA:48,0
DA:50,0
DA:55,0
DA:64,9
DA:68,27
DA:69,27
LF:20
LH:5
BRDA:15,0,0,0
BRDA:23,1,0,0
BRDA:28,2,0,0
BRDA:28,2,1,0
BRDA:29,3,0,0
BRDA:29,4,0,0
BRDA:29,4,1,0
BRDA:44,5,0,0
BRDA:65,6,0,0
BRF:9
BRH:0
end_of_record
TN:
SF:src\common\validators\max-json-depth.validator.ts
FN:15,(anonymous_1)
FN:23,(anonymous_2)
FN:33,(anonymous_3)
FN:39,(anonymous_4)
FN:50,(anonymous_5)
FN:61,MaxJsonDepth
FN:65,(anonymous_7)
FNF:7
FNH:2
FNDA:0,(anonymous_1)
FNDA:0,(anonymous_2)
FNDA:0,(anonymous_3)
FNDA:0,(anonymous_4)
FNDA:0,(anonymous_5)
FNDA:9,MaxJsonDepth
FNDA:9,(anonymous_7)
DA:1,9
DA:14,9
DA:16,0
DA:17,0
DA:20,0
DA:21,0
DA:22,0
DA:24,0
DA:29,0
DA:30,0
DA:32,0
DA:34,0
DA:40,0
DA:41,0
DA:44,0
DA:45,0
DA:47,0
DA:51,0
DA:52,0
DA:61,9
DA:65,9
DA:66,9
LF:22
LH:5
BRDA:15,0,0,0
BRDA:16,1,0,0
BRDA:16,2,0,0
BRDA:16,2,1,0
BRDA:20,3,0,0
BRDA:21,4,0,0
BRDA:30,5,0,0
BRDA:40,6,0,0
BRDA:40,7,0,0
BRDA:40,7,1,0
BRDA:44,8,0,0
BRDA:44,8,1,0
BRDA:51,9,0,0
BRDA:51,9,1,0
BRDA:62,10,0,0
BRF:15
BRH:0
end_of_record
TN:
SF:src\modules\admin\admin-dashboard.controller.ts
FN:24,(anonymous_2)
FN:49,(anonymous_3)
FN:75,(anonymous_4)
FN:101,(anonymous_5)
FNF:4
FNH:1
FNDA:9,(anonymous_2)
FNDA:0,(anonymous_3)
FNDA:0,(anonymous_4)
FNDA:0,(anonymous_5)
DA:1,9
DA:2,9
DA:8,9
DA:9,9
DA:10,9
DA:11,9
DA:12,9
DA:13,9
DA:14,9
DA:15,9
DA:16,9
DA:23,9
DA:24,9
DA:49,9
DA:50,0
DA:75,9
DA:76,0
DA:101,9
DA:102,0
LF:19
LH:16
BRF:0
BRH:0
end_of_record
TN:
SF:src\modules\admin\admin-dashboard.service.ts
FN:40,(anonymous_4)
FN:53,(anonymous_5)
FN:80,(anonymous_6)
FN:94,(anonymous_7)
FN:104,(anonymous_8)
FN:115,(anonymous_9)
FN:145,(anonymous_10)
FN:173,(anonymous_11)
FN:183,(anonymous_12)
FN:208,(anonymous_13)
FN:221,(anonymous_14)
FN:230,(anonymous_15)
FN:240,(anonymous_16)
FN:257,(anonymous_17)
FN:279,(anonymous_18)
FN:300,(anonymous_19)
FN:337,(anonymous_20)
FN:384,(anonymous_21)
FN:402,(anonymous_22)
FN:451,(anonymous_23)
FN:465,(anonymous_24)
FN:476,(anonymous_25)
FN:488,(anonymous_26)
FN:494,(anonymous_27)
FN:508,(anonymous_28)
FN:526,(anonymous_29)
FN:533,(anonymous_30)
FN:553,(anonymous_31)
FN:559,(anonymous_32)
FN:570,(anonymous_33)
FN:576,(anonymous_34)
FN:591,(anonymous_35)
FN:598,(anonymous_36)
FN:612,(anonymous_37)
FN:618,(anonymous_38)
FN:663,(anonymous_39)
FN:682,(anonymous_40)
FN:691,(anonymous_41)
FN:700,(anonymous_42)
FN:709,(anonymous_43)
FN:715,(anonymous_44)
FN:725,(anonymous_45)
FN:731,(anonymous_46)
FN:747,(anonymous_47)
FN:754,(anonymous_48)
FNF:45
FNH:1
FNDA:9,(anonymous_4)
FNDA:0,(anonymous_5)
FNDA:0,(anonymous_6)
FNDA:0,(anonymous_7)
FNDA:0,(anonymous_8)
FNDA:0,(anonymous_9)
FNDA:0,(anonymous_10)
FNDA:0,(anonymous_11)
FNDA:0,(anonymous_12)
FNDA:0,(anonymous_13)
FNDA:0,(anonymous_14)
FNDA:0,(anonymous_15)
FNDA:0,(anonymous_16)
FNDA:0,(anonymous_17)
FNDA:0,(anonymous_18)
FNDA:0,(anonymous_19)
FNDA:0,(anonymous_20)
FNDA:0,(anonymous_21)
FNDA:0,(anonymous_22)
FNDA:0,(anonymous_23)
FNDA:0,(anonymous_24)
FNDA:0,(anonymous_25)
FNDA:0,(anonymous_26)
FNDA:0,(anonymous_27)
FNDA:0,(anonymous_28)
FNDA:0,(anonymous_29)
FNDA:0,(anonymous_30)
FNDA:0,(anonymous_31)
FNDA:0,(anonymous_32)
FNDA:0,(anonymous_33)
FNDA:0,(anonymous_34)
FNDA:0,(anonymous_35)
FNDA:0,(anonymous_36)
FNDA:0,(anonymous_37)
FNDA:0,(anonymous_38)
FNDA:0,(anonymous_39)
FNDA:0,(anonymous_40)
FNDA:0,(anonymous_41)
FNDA:0,(anonymous_42)
FNDA:0,(anonymous_43)
FNDA:0,(anonymous_44)
FNDA:0,(anonymous_45)
FNDA:0,(anonymous_46)
FNDA:0,(anonymous_47)
FNDA:0,(anonymous_48)
DA:1,9
DA:2,9
DA:3,9
DA:4,9
DA:5,9
DA:6,9
DA:10,9
DA:11,9
DA:39,9
DA:42,9
DA:44,9
DA:46,9
DA:48,9
DA:50,9
DA:61,0
DA:70,0
DA:81,0
DA:82,0
DA:83,0
DA:85,0
DA:88,0
DA:95,0
DA:98,0
DA:105,0
DA:108,0
DA:116,0
DA:117,0
DA:118,0
DA:120,0
DA:124,0
DA:131,0
DA:138,0
DA:146,0
DA:150,0
DA:154,0
DA:156,0
DA:158,0
DA:162,0
DA:164,0
DA:174,0
DA:183,0
DA:184,0
DA:185,0
DA:190,0
DA:209,0
DA:221,0
DA:231,0
DA:233,0
DA:240,0
DA:245,0
DA:258,0
DA:266,0
DA:280,0
DA:281,0
DA:284,0
DA:290,0
DA:301,0
DA:302,0
DA:303,0
DA:311,0
DA:319,0
DA:338,0
DA:339,0
DA:340,0
DA:350,0
DA:370,0
DA:386,0
DA:392,0
DA:403,0
DA:404,0
DA:415,0
DA:431,0
DA:433,0
DA:435,0
DA:452,0
DA:457,0
DA:466,0
DA:473,0
DA:479,0
DA:488,0
DA:495,0
DA:502,0
DA:503,0
DA:505,0
DA:509,0
DA:526,0
DA:536,0
DA:546,0
DA:553,0
DA:560,0
DA:570,0
DA:577,0
DA:591,0
DA:601,0
DA:612,0
DA:625,0
DA:648,0
DA:649,0
DA:650,0
DA:652,0
DA:653,0
DA:655,0
DA:667,0
DA:673,0
DA:674,0
DA:676,0
DA:683,0
DA:688,0
DA:692,0
DA:697,0
DA:701,0
DA:709,0
DA:716,0
DA:725,0
DA:732,0
DA:747,0
DA:760,0
DA:773,0
DA:774,0
DA:775,0
DA:778,0
DA:779,0
DA:781,0
LF:123
LH:14
BRDA:95,0,0,0
BRDA:95,0,1,0
BRDA:105,1,0,0
BRDA:105,1,1,0
BRDA:156,2,0,0
BRDA:156,2,1,0
BRDA:158,3,0,0
BRDA:158,3,1,0
BRDA:162,4,0,0
BRDA:162,4,1,0
BRDA:173,5,0,0
BRDA:195,6,0,0
BRDA:195,6,1,0
BRDA:197,7,0,0
BRDA:197,7,1,0
BRDA:199,8,0,0
BRDA:199,8,1,0
BRDA:202,9,0,0
BRDA:202,9,1,0
BRDA:208,10,0,0
BRDA:431,11,0,0
BRDA:431,11,1,0
BRDA:433,12,0,0
BRDA:433,12,1,0
BRDA:473,13,0,0
BRDA:473,13,1,0
BRDA:502,14,0,0
BRDA:502,14,1,0
BRDA:503,15,0,0
BRDA:503,15,1,0
BRDA:505,16,0,0
BRDA:505,16,1,0
BRDA:554,17,0,0
BRDA:554,17,1,0
BRDA:648,18,0,0
BRDA:648,18,1,0
BRDA:649,19,0,0
BRDA:649,19,1,0
BRDA:652,20,0,0
BRDA:652,20,1,0
BRDA:653,21,0,0
BRDA:653,21,1,0
BRDA:673,22,0,0
BRDA:673,22,1,0
BRDA:674,23,0,0
BRDA:674,23,1,0
BRDA:688,24,0,0
BRDA:688,24,1,0
BRDA:697,25,0,0
BRDA:697,25,1,0
BRDA:727,26,0,0
BRDA:727,26,1,0
BRDA:773,27,0,0
BRDA:773,27,1,0
BRDA:774,28,0,0
BRDA:774,28,1,0
BRDA:778,29,0,0
BRDA:778,29,1,0
BRDA:779,30,0,0
BRDA:779,30,1,0
BRF:60
BRH:0
end_of_record
TN:
SF:src\modules\admin\admin-users.controller.ts
FN:47,(anonymous_4)
FN:76,(anonymous_5)
FN:96,(anonymous_6)
FN:111,(anonymous_7)
FN:157,(anonymous_8)
FN:200,(anonymous_9)
FN:249,(anonymous_10)
FN:297,(anonymous_11)
FN:354,(anonymous_12)
FN:408,(anonymous_13)
FNF:10
FNH:9
FNDA:9,(anonymous_4)
FNDA:1,(anonymous_5)
FNDA:1,(anonymous_6)
FNDA:2,(anonymous_7)
FNDA:1,(anonymous_8)
FNDA:4,(anonymous_9)
FNDA:3,(anonymous_10)
FNDA:1,(anonymous_11)
FNDA:3,(anonymous_12)
FNDA:0,(anonymous_13)
DA:1,9
DA:18,9
DA:20,9
DA:21,9
DA:22,9
DA:23,9
DA:24,9
DA:25,9
DA:26,9
DA:27,9
DA:28,9
DA:29,9
DA:44,9
DA:45,9
DA:48,9
DA:49,9
DA:76,9
DA:77,1
DA:96,9
DA:97,1
DA:111,9
DA:116,2
DA:117,2
DA:118,0
DA:121,2
DA:123,2
DA:135,2
DA:138,2
DA:157,9
DA:161,1
DA:162,1
DA:163,0
DA:166,1
DA:168,1
DA:180,1
DA:181,1
DA:200,9
DA:205,4
DA:206,4
DA:207,1
DA:210,3
DA:212,3
DA:224,3
DA:227,3
DA:249,9
DA:253,3
DA:254,3
DA:255,0
DA:258,3
DA:260,2
DA:272,2
DA:275,2
DA:297,9
DA:301,1
DA:302,1
DA:303,0
DA:306,1
DA:308,1
DA:320,1
DA:323,1
DA:354,9
DA:360,3
DA:365,3
DA:366,3
DA:367,0
DA:370,3
DA:371,3
DA:372,0
DA:375,3
DA:377,2
DA:389,2
DA:392,2
DA:408,9
DA:412,0
DA:413,0
DA:414,0
DA:418,0
DA:430,0
DA:431,0
DA:432,0
DA:435,0
DA:436,0
LF:82
LH:67
BRDA:117,0,0,0
BRDA:131,1,0,2
BRDA:131,1,1,0
BRDA:132,2,0,2
BRDA:132,2,1,2
BRDA:162,3,0,0
BRDA:176,4,0,1
BRDA:176,4,1,0
BRDA:177,5,0,1
BRDA:177,5,1,1
BRDA:206,6,0,1
BRDA:220,7,0,3
BRDA:220,7,1,0
BRDA:221,8,0,3
BRDA:221,8,1,2
BRDA:254,9,0,0
BRDA:268,10,0,2
BRDA:268,10,1,0
BRDA:269,11,0,2
BRDA:269,11,1,2
BRDA:302,12,0,0
BRDA:316,13,0,1
BRDA:316,13,1,0
BRDA:317,14,0,1
BRDA:317,14,1,1
BRDA:366,15,0,0
BRDA:371,16,0,0
BRDA:385,17,0,2
BRDA:385,17,1,0
BRDA:386,18,0,2
BRDA:386,18,1,2
BRDA:413,19,0,0
BRDA:426,20,0,0
BRDA:426,20,1,0
BRDA:427,21,0,0
BRDA:427,21,1,0
BRDA:431,22,0,0
BRF:37
BRH:19
end_of_record
TN:
SF:src\modules\admin\constants\cache.constants.ts
FNF:0
FNH:0
DA:10,9
LF:1
LH:1
BRF:0
BRH:0
end_of_record
TN:
SF:src\modules\admin\dto\dashboard-metrics.dto.ts
FNF:0
FNH:0
DA:1,9
DA:2,9
DA:3,9
DA:5,9
DA:10,9
DA:16,9
DA:22,9
DA:25,9
DA:30,9
DA:36,9
DA:42,9
DA:45,9
DA:50,9
DA:56,9
DA:62,9
DA:68,9
DA:74,9
DA:77,9
DA:82,9
DA:92,9
DA:95,9
DA:100,9
DA:106,9
DA:112,9
DA:118,9
DA:124,9
DA:130,9
LF:27
LH:27
BRF:0
BRH:0
end_of_record
TN:
SF:src\modules\admin\dto\recent-reading.dto.ts
FNF:0
FNH:0
DA:1,9
DA:3,9
DA:8,9
DA:14,9
DA:20,9
DA:27,9
DA:34,9
DA:41,9
DA:47,9
DA:53,9
LF:10
LH:10
BRF:0
BRH:0
end_of_record
TN:
SF:src\modules\admin\dto\recent-user.dto.ts
FNF:0
FNH:0
DA:1,9
DA:2,9
DA:4,9
DA:9,9
DA:15,9
DA:21,9
DA:28,9
DA:34,9
LF:8
LH:8
BRF:0
BRH:0
end_of_record
TN:
SF:src\modules\admin\dto\stats-response.dto.ts
FNF:0
FNH:0
DA:1,9
DA:4,9
DA:6,9
DA:9,9
DA:12,9
DA:14,9
DA:20,9
DA:26,9
DA:32,9
DA:44,9
DA:54,9
DA:56,9
DA:59,9
DA:62,9
DA:65,9
DA:67,9
DA:70,9
DA:73,9
DA:75,9
DA:78,9
DA:81,9
DA:83,9
DA:89,9
DA:95,9
DA:101,9
DA:107,9
DA:113,9
DA:119,9
DA:123,9
DA:125,9
DA:128,9
DA:131,9
DA:134,9
DA:139,9
DA:142,9
DA:145,9
DA:150,9
DA:156,9
DA:167,9
DA:176,9
DA:178,9
DA:181,9
DA:184,9
DA:186,9
DA:189,9
DA:192,9
DA:197,9
DA:203,9
DA:209,9
DA:215,9
DA:221,9
DA:227,9
DA:233,9
DA:239,9
DA:245,9
DA:249,9
DA:251,9
DA:257,9
DA:260,9
DA:263,9
DA:268,9
DA:279,9
DA:288,9
DA:290,9
DA:296,9
DA:299,9
DA:302,9
DA:308,9
DA:312,9
DA:317,9
DA:323,9
DA:329,9
LF:72
LH:72
BRF:0
BRH:0
end_of_record
TN:
SF:src\modules\admin\rate-limits\ip-whitelist-admin.controller.ts
FN:33,(anonymous_4)
FN:55,(anonymous_5)
FN:78,(anonymous_6)
FN:117,(anonymous_7)
FNF:4
FNH:1
FNDA:9,(anonymous_4)
FNDA:0,(anonymous_5)
FNDA:0,(anonymous_6)
FNDA:0,(anonymous_7)
DA:1,9
DA:10,9
DA:17,9
DA:18,9
DA:19,9
DA:20,9
DA:25,9
DA:32,9
DA:33,9
DA:55,9
DA:56,0
DA:57,0
DA:78,9
DA:79,0
DA:80,0
DA:117,9
DA:118,0
DA:119,0
DA:121,0
DA:122,0
LF:20
LH:12
BRDA:118,0,0,0
BRF:1
BRH:0
end_of_record
TN:
SF:src\modules\admin\rate-limits\rate-limits-admin.controller.ts
FN:17,(anonymous_2)
FN:88,(anonymous_3)
FN:93,(anonymous_4)
FNF:3
FNH:1
FNDA:9,(anonymous_2)
FNDA:0,(anonymous_3)
FNDA:0,(anonymous_4)
DA:1,9
DA:2,9
DA:8,9
DA:9,9
DA:10,9
DA:16,9
DA:17,9
DA:88,9
DA:89,0
DA:90,0
DA:93,0
DA:94,0
DA:95,0
DA:97,0
LF:14
LH:8
BRF:0
BRH:0
end_of_record
TN:
SF:src\modules\ai-usage\ai-provider-cost.service.ts
FN:35,(anonymous_4)
FN:45,(anonymous_5)
FN:112,(anonymous_6)
FN:146,(anonymous_7)
FN:172,(anonymous_8)
FN:180,(anonymous_9)
FN:200,(anonymous_10)
FN:207,(anonymous_11)
FN:245,(anonymous_12)
FN:283,(anonymous_13)
FN:304,(anonymous_14)
FNF:11
FNH:1
FNDA:9,(anonymous_4)
FNDA:0,(anonymous_5)
FNDA:0,(anonymous_6)
FNDA:0,(anonymous_7)
FNDA:0,(anonymous_8)
FNDA:0,(anonymous_9)
FNDA:0,(anonymous_10)
FNDA:0,(anonymous_11)
FNDA:0,(anonymous_12)
FNDA:0,(anonymous_13)
FNDA:0,(anonymous_14)
DA:1,9
DA:2,9
DA:3,9
DA:4,9
DA:5,9
DA:6,9
DA:7,9
DA:8,9
DA:9,9
DA:16,9
DA:17,9
DA:28,9
DA:37,9
DA:38,9
DA:39,9
DA:51,0
DA:52,0
DA:53,0
DA:56,0
DA:57,0
DA:59,0
DA:66,0
DA:68,0
DA:81,0
DA:82,0
DA:83,0
DA:86,0
DA:89,0
DA:90,0
DA:91,0
DA:95,0
DA:96,0
DA:97,0
DA:99,0
DA:102,0
DA:104,0
DA:114,0
DA:115,0
DA:118,0
DA:120,0
DA:128,0
DA:129,0
DA:133,0
DA:134,0
DA:137,0
DA:140,0
DA:148,0
DA:149,0
DA:152,0
DA:153,0
DA:155,0
DA:162,0
DA:163,0
DA:166,0
DA:173,0
DA:174,0
DA:181,0
DA:183,0
DA:188,0
DA:193,0
DA:201,0
DA:212,0
DA:215,0
DA:216,0
DA:219,0
DA:222,0
DA:223,0
DA:230,0
DA:233,0
DA:234,0
DA:235,0
DA:250,0
DA:253,0
DA:254,0
DA:257,0
DA:260,0
DA:261,0
DA:267,0
DA:270,0
DA:271,0
DA:272,0
DA:283,9
DA:284,0
DA:286,0
DA:287,0
DA:288,0
DA:289,0
DA:291,0
DA:297,0
DA:302,0
DA:305,0
DA:309,0
DA:311,0
DA:314,0
DA:315,0
DA:316,0
LF:96
LH:16
BRDA:51,0,0,0
BRDA:66,1,0,0
BRDA:89,2,0,0
BRDA:89,3,0,0
BRDA:89,3,1,0
BRDA:95,4,0,0
BRDA:96,5,0,0
BRDA:114,6,0,0
BRDA:128,7,0,0
BRDA:133,8,0,0
BRDA:148,9,0,0
BRDA:162,10,0,0
BRDA:173,11,0,0
BRDA:173,11,1,0
BRDA:181,12,0,0
BRDA:181,12,1,0
BRDA:181,12,2,0
BRDA:201,13,0,0
BRDA:201,13,1,0
BRDA:215,14,0,0
BRDA:233,15,0,0
BRDA:233,15,1,0
BRDA:234,16,0,0
BRDA:234,16,1,0
BRDA:253,17,0,0
BRDA:270,18,0,0
BRDA:270,18,1,0
BRDA:271,19,0,0
BRDA:271,19,1,0
BRDA:314,20,0,0
BRDA:314,20,1,0
BRDA:315,21,0,0
BRDA:315,21,1,0
BRF:33
BRH:0
end_of_record
TN:
SF:src\modules\ai-usage\ai-quota.service.ts
FN:31,(anonymous_4)
FN:43,(anonymous_5)
FN:72,(anonymous_6)
FN:117,(anonymous_7)
FN:137,(anonymous_8)
FN:138,(anonymous_9)
FN:139,(anonymous_10)
FN:182,(anonymous_11)
FN:207,(anonymous_12)
FN:216,(anonymous_13)
FN:252,(anonymous_14)
FNF:11
FNH:5
FNDA:9,(anonymous_4)
FNDA:0,(anonymous_5)
FNDA:0,(anonymous_6)
FNDA:14,(anonymous_7)
FNDA:14,(anonymous_8)
FNDA:14,(anonymous_9)
FNDA:14,(anonymous_10)
FNDA:0,(anonymous_11)
FNDA:0,(anonymous_12)
FNDA:0,(anonymous_13)
FNDA:0,(anonymous_14)
DA:1,9
DA:2,9
DA:3,9
DA:4,9
DA:5,9
DA:6,9
DA:7,9
DA:8,9
DA:9,9
DA:10,9
DA:11,9
DA:12,9
DA:28,9
DA:29,9
DA:33,9
DA:34,9
DA:35,9
DA:44,0
DA:46,0
DA:47,0
DA:51,0
DA:52,0
DA:55,0
DA:56,0
DA:58,0
DA:59,0
DA:64,0
DA:73,0
DA:75,0
DA:76,0
DA:79,0
DA:80,0
DA:82,0
DA:83,0
DA:84,0
DA:89,0
DA:93,0
DA:95,0
DA:125,14
DA:126,14
DA:127,14
DA:133,14
DA:137,14
DA:138,14
DA:139,14
DA:147,14
DA:149,14
DA:150,9
DA:153,5
DA:155,5
DA:156,5
DA:159,5
DA:164,0
DA:165,0
DA:166,0
DA:170,5
DA:171,0
DA:172,0
DA:182,9
DA:183,0
DA:185,0
DA:187,0
DA:199,0
DA:208,0
DA:209,0
DA:210,0
DA:220,0
DA:221,0
DA:223,0
DA:225,0
DA:227,0
DA:238,0
DA:242,0
DA:253,0
DA:254,0
DA:256,0
DA:258,0
DA:260,0
DA:269,0
DA:273,0
LF:80
LH:33
BRDA:46,0,0,0
BRDA:51,1,0,0
BRDA:58,2,0,0
BRDA:75,3,0,0
BRDA:84,4,0,0
BRDA:84,4,1,0
BRDA:89,5,0,0
BRDA:89,5,1,0
BRDA:89,6,0,0
BRDA:89,6,1,0
BRDA:126,7,0,14
BRDA:126,8,0,14
BRDA:126,8,1,14
BRDA:149,9,0,9
BRDA:149,10,0,14
BRDA:149,10,1,14
BRDA:159,11,0,0
BRDA:160,12,0,5
BRDA:160,12,1,0
BRDA:160,12,2,0
BRDA:170,13,0,0
BRDA:170,14,0,5
BRDA:170,14,1,5
BRDA:223,15,0,0
BRDA:223,15,1,0
BRDA:228,16,0,0
BRDA:228,16,1,0
BRDA:244,17,0,0
BRDA:244,17,1,0
BRDA:256,18,0,0
BRDA:256,18,1,0
BRDA:261,19,0,0
BRDA:261,19,1,0
BRDA:275,20,0,0
BRDA:275,20,1,0
BRF:35
BRH:9
end_of_record
TN:
SF:src\modules\ai-usage\ai-usage.service.ts
FN:57,(anonymous_4)
FN:62,(anonymous_5)
FN:71,(anonymous_6)
FN:82,(anonymous_7)
FN:133,(anonymous_8)
FN:155,(anonymous_9)
FN:163,(anonymous_10)
FN:172,(anonymous_11)
FN:191,(anonymous_12)
FN:217,(anonymous_13)
FNF:10
FNH:1
FNDA:9,(anonymous_4)
FNDA:0,(anonymous_5)
FNDA:0,(anonymous_6)
FNDA:0,(anonymous_7)
FNDA:0,(anonymous_8)
FNDA:0,(anonymous_9)
FNDA:0,(anonymous_10)
FNDA:0,(anonymous_11)
FNDA:0,(anonymous_12)
FNDA:0,(anonymous_13)
DA:1,9
DA:2,9
DA:3,9
DA:4,9
DA:39,9
DA:46,9
DA:54,9
DA:55,9
DA:59,9
DA:63,0
DA:64,0
DA:65,0
DA:68,0
DA:76,0
DA:77,0
DA:78,0
DA:79,0
DA:86,0
DA:88,0
DA:107,0
DA:108,0
DA:114,0
DA:121,0
DA:133,0
DA:134,0
DA:135,0
DA:136,0
DA:137,0
DA:139,0
DA:156,0
DA:164,0
DA:173,0
DA:174,0
DA:175,0
DA:177,0
DA:179,0
DA:185,0
DA:189,0
DA:190,0
DA:191,0
DA:193,0
DA:197,0
DA:203,0
DA:208,0
DA:209,0
DA:211,0
DA:212,0
DA:216,0
DA:217,0
DA:218,0
DA:222,0
LF:51
LH:9
BRDA:107,0,0,0
BRDA:107,1,0,0
BRDA:107,1,1,0
BRDA:137,2,0,0
BRDA:137,2,1,0
BRDA:145,3,0,0
BRDA:145,3,1,0
BRDA:146,4,0,0
BRDA:146,4,1,0
BRDA:147,5,0,0
BRDA:147,5,1,0
BRDA:148,6,0,0
BRDA:148,6,1,0
BRDA:149,7,0,0
BRDA:149,7,1,0
BRDA:150,8,0,0
BRDA:150,8,1,0
BRDA:177,9,0,0
BRDA:177,9,1,0
BRDA:177,9,2,0
BRDA:177,9,3,0
BRDA:177,9,4,0
BRDA:208,10,0,0
BRF:23
BRH:0
end_of_record
TN:
SF:src\modules\ai-usage\skip-quota-check.decorator.ts
FN:18,(anonymous_0)
FNF:1
FNH:1
FNDA:9,(anonymous_0)
DA:1,9
DA:3,9
DA:18,9
LF:3
LH:3
BRF:0
BRH:0
end_of_record
TN:
SF:src\modules\ai-usage\application\dto\ai-usage-stats.dto.ts
FNF:0
FNH:0
DA:1,9
DA:2,9
DA:4,9
DA:10,9
DA:13,9
DA:16,9
DA:19,9
DA:22,9
DA:25,9
DA:32,9
DA:38,9
DA:45,9
DA:52,9
DA:59,9
DA:62,9
DA:67,9
DA:73,9
DA:79,9
DA:85,9
DA:91,9
DA:97,9
LF:21
LH:21
BRF:0
BRH:0
end_of_record
TN:
SF:src\modules\ai-usage\application\services\ai-usage-orchestrator.service.ts
FN:25,(anonymous_2)
FN:36,(anonymous_3)
FN:43,(anonymous_4)
FN:54,(anonymous_5)
FN:61,(anonymous_6)
FN:68,(anonymous_7)
FN:79,(anonymous_8)
FNF:7
FNH:1
FNDA:9,(anonymous_2)
FNDA:0,(anonymous_3)
FNDA:0,(anonymous_4)
FNDA:0,(anonymous_5)
FNDA:0,(anonymous_6)
FNDA:0,(anonymous_7)
FNDA:0,(anonymous_8)
DA:1,9
DA:2,9
DA:3,9
DA:4,9
DA:8,9
DA:9,9
DA:22,9
DA:23,9
DA:26,9
DA:27,9
DA:28,9
DA:29,9
DA:30,9
DA:37,0
DA:47,0
DA:55,0
DA:62,0
DA:73,0
DA:80,0
LF:19
LH:13
BRF:0
BRH:0
end_of_record
TN:
SF:src\modules\ai-usage\application\use-cases\check-user-quota.use-case.ts
FN:31,(anonymous_4)
FN:41,(anonymous_5)
FN:72,(anonymous_6)
FN:102,(anonymous_7)
FNF:4
FNH:1
FNDA:9,(anonymous_4)
FNDA:0,(anonymous_5)
FNDA:0,(anonymous_6)
FNDA:0,(anonymous_7)
DA:1,9
DA:9,9
DA:10,9
DA:11,9
DA:28,9
DA:29,9
DA:33,9
DA:42,0
DA:44,0
DA:45,0
DA:49,0
DA:50,0
DA:53,0
DA:54,0
DA:56,0
DA:57,0
DA:60,0
DA:65,0
DA:73,0
DA:75,0
DA:76,0
DA:79,0
DA:81,0
DA:83,0
DA:84,0
DA:85,0
DA:86,0
DA:87,0
DA:91,0
DA:103,0
DA:104,0
LF:31
LH:7
BRDA:44,0,0,0
BRDA:49,1,0,0
BRDA:49,2,0,0
BRDA:49,2,1,0
BRDA:56,3,0,0
BRDA:75,4,0,0
BRDA:81,5,0,0
BRDA:81,5,1,0
BRDA:85,6,0,0
BRDA:85,6,1,0
BRDA:86,7,0,0
BRDA:86,7,1,0
BRDA:87,8,0,0
BRDA:87,8,1,0
BRF:14
BRH:0
end_of_record
TN:
SF:src\modules\ai-usage\application\use-cases\get-ai-usage-statistics.use-case.ts
FN:16,(anonymous_4)
FN:21,(anonymous_5)
FNF:2
FNH:1
FNDA:9,(anonymous_4)
FNDA:0,(anonymous_5)
DA:1,9
DA:6,9
DA:13,9
DA:14,9
DA:18,9
DA:25,0
DA:26,0
DA:27,0
DA:29,0
LF:9
LH:5
BRDA:25,0,0,0
BRDA:25,0,1,0
BRDA:26,1,0,0
BRDA:26,1,1,0
BRF:4
BRH:0
end_of_record
TN:
SF:src\modules\ai-usage\application\use-cases\increment-user-ai-requests.use-case.ts
FN:13,(anonymous_4)
FN:18,(anonymous_5)
FNF:2
FNH:1
FNDA:9,(anonymous_4)
FNDA:0,(anonymous_5)
DA:1,9
DA:3,9
DA:10,9
DA:11,9
DA:15,9
DA:19,0
DA:20,0
LF:7
LH:5
BRF:0
BRH:0
end_of_record
TN:
SF:src\modules\ai-usage\application\use-cases\track-ai-usage.use-case.ts
FN:17,(anonymous_4)
FN:22,(anonymous_5)
FNF:2
FNH:1
FNDA:9,(anonymous_4)
FNDA:0,(anonymous_5)
DA:1,9
DA:6,9
DA:14,9
DA:15,9
DA:19,9
DA:23,0
DA:27,0
LF:7
LH:5
BRF:0
BRH:0
end_of_record
TN:
SF:src\modules\ai-usage\application\use-cases\track-provider-usage.use-case.ts
FN:14,(anonymous_4)
FN:19,(anonymous_5)
FNF:2
FNH:1
FNDA:9,(anonymous_4)
FNDA:0,(anonymous_5)
DA:1,9
DA:3,9
DA:11,9
DA:12,9
DA:16,9
DA:24,0
DA:25,0
DA:27,0
DA:30,0
DA:31,0
DA:33,0
DA:40,0
LF:12
LH:5
BRF:0
BRH:0
end_of_record
TN:
SF:src\modules\ai-usage\constants\ai-usage.constants.ts
FNF:0
FNH:0
DA:1,9
DA:18,9
DA:43,9
DA:46,9
LF:4
LH:4
BRDA:25,0,0,9
BRDA:25,0,1,9
BRDA:27,1,0,9
BRDA:27,1,1,9
BRDA:29,2,0,9
BRDA:29,2,1,9
BRDA:32,3,0,9
BRDA:32,3,1,9
BRDA:37,4,0,9
BRDA:37,4,1,9
BRF:10
BRH:10
end_of_record
TN:
SF:src\modules\ai-usage\domain\interfaces\repository.tokens.ts
FNF:0
FNH:0
DA:6,9
DA:7,9
DA:8,9
LF:3
LH:3
BRF:0
BRH:0
end_of_record
TN:
SF:src\modules\ai-usage\entities\ai-provider-usage.entity.ts
FNF:0
FNH:0
DA:1,9
DA:9,9
DA:17,9
DA:19,9
DA:25,9
DA:28,9
DA:31,9
DA:34,9
DA:43,9
DA:51,9
DA:54,9
DA:57,9
DA:60,9
DA:63,9
LF:14
LH:14
BRF:0
BRH:0
end_of_record
TN:
SF:src\modules\ai-usage\entities\ai-usage-log.entity.ts
FN:13,(anonymous_2)
FN:20,(anonymous_3)
FN:36,(anonymous_4)
FN:43,(anonymous_5)
FNF:4
FNH:4
FNDA:9,(anonymous_2)
FNDA:9,(anonymous_3)
FNDA:9,(anonymous_4)
FNDA:9,(anonymous_5)
DA:1,9
DA:10,9
DA:11,9
DA:13,9
DA:14,9
DA:15,9
DA:16,9
DA:17,9
DA:20,9
DA:21,9
DA:22,9
DA:23,9
DA:29,9
DA:31,9
DA:34,9
DA:36,9
DA:38,9
DA:41,9
DA:43,9
DA:45,9
DA:48,9
DA:54,9
DA:57,9
DA:60,9
DA:63,9
DA:66,9
DA:75,9
DA:78,9
DA:85,9
DA:88,9
DA:91,9
DA:94,9
LF:32
LH:32
BRDA:13,0,0,9
BRDA:13,0,1,9
BRDA:20,1,0,9
BRDA:20,1,1,9
BRF:4
BRH:4
end_of_record
TN:
SF:src\modules\ai-usage\infrastructure\controllers\ai-quota.controller.ts
FN:11,(anonymous_4)
FN:69,(anonymous_5)
FNF:2
FNH:1
FNDA:9,(anonymous_4)
FNDA:0,(anonymous_5)
DA:1,9
DA:2,9
DA:4,9
DA:5,9
DA:6,9
DA:10,9
DA:11,9
DA:69,9
DA:72,0
LF:9
LH:8
BRF:0
BRH:0
end_of_record
TN:
SF:src\modules\ai-usage\infrastructure\controllers\ai-usage.controller.ts
FN:20,(anonymous_4)
FN:55,(anonymous_5)
FN:67,(anonymous_6)
FNF:3
FNH:1
FNDA:9,(anonymous_4)
FNDA:0,(anonymous_5)
FNDA:0,(anonymous_6)
DA:1,9
DA:2,9
DA:9,9
DA:10,9
DA:11,9
DA:12,9
DA:13,9
DA:19,9
DA:20,9
DA:55,9
DA:59,0
DA:60,0
DA:62,0
DA:65,0
DA:66,0
DA:67,0
DA:68,0
DA:70,0
LF:18
LH:10
BRDA:59,0,0,0
BRDA:59,0,1,0
BRDA:60,1,0,0
BRDA:60,1,1,0
BRDA:68,2,0,0
BRDA:68,2,1,0
BRF:6
BRH:0
end_of_record
TN:
SF:src\modules\ai-usage\infrastructure\guards\ai-quota.guard.ts
FN:21,(anonymous_2)
FN:26,(anonymous_3)
FNF:2
FNH:1
FNDA:36,(anonymous_2)
FNDA:0,(anonymous_3)
DA:1,9
DA:7,9
DA:8,9
DA:9,9
DA:10,9
DA:11,9
DA:20,9
DA:22,36
DA:23,36
DA:28,0
DA:33,0
DA:34,0
DA:37,0
DA:38,0
DA:40,0
DA:41,0
DA:46,0
DA:48,0
DA:49,0
DA:52,0
DA:56,0
DA:63,0
LF:22
LH:9
BRDA:33,0,0,0
BRDA:40,1,0,0
BRDA:40,2,0,0
BRDA:40,2,1,0
BRDA:48,3,0,0
BRF:5
BRH:0
end_of_record
TN:
SF:src\modules\ai-usage\infrastructure\repositories\typeorm-ai-provider-usage.repository.ts
FN:15,(anonymous_4)
FN:20,(anonymous_5)
FN:49,(anonymous_6)
FN:69,(anonymous_7)
FN:82,(anonymous_8)
FN:92,(anonymous_9)
FN:101,(anonymous_10)
FN:115,(anonymous_11)
FNF:8
FNH:1
FNDA:9,(anonymous_4)
FNDA:0,(anonymous_5)
FNDA:0,(anonymous_6)
FNDA:0,(anonymous_7)
FNDA:0,(anonymous_8)
FNDA:0,(anonymous_9)
FNDA:0,(anonymous_10)
FNDA:0,(anonymous_11)
DA:1,9
DA:2,9
DA:3,9
DA:4,9
DA:5,9
DA:7,9
DA:10,9
DA:13,9
DA:17,9
DA:24,0
DA:26,0
DA:30,0
DA:31,0
DA:40,0
DA:41,0
DA:46,0
DA:55,0
DA:61,0
DA:62,0
DA:63,0
DA:66,0
DA:70,0
DA:71,0
DA:75,0
DA:76,0
DA:79,0
DA:85,0
DA:87,0
DA:93,0
DA:95,0
DA:102,0
DA:112,0
DA:117,0
DA:124,0
LF:34
LH:9
BRDA:30,0,0,0
BRDA:62,1,0,0
BRDA:75,2,0,0
BRDA:79,3,0,0
BRDA:79,3,1,0
BRDA:124,4,0,0
BRDA:124,4,1,0
BRF:7
BRH:0
end_of_record
TN:
SF:src\modules\ai-usage\infrastructure\repositories\typeorm-ai-usage-log.repository.ts
FN:32,(anonymous_4)
FN:37,(anonymous_5)
FN:46,(anonymous_6)
FN:89,(anonymous_7)
FN:112,(anonymous_8)
FN:126,(anonymous_9)
FN:145,(anonymous_10)
FN:164,(anonymous_11)
FNF:8
FNH:1
FNDA:9,(anonymous_4)
FNDA:0,(anonymous_5)
FNDA:0,(anonymous_6)
FNDA:0,(anonymous_7)
FNDA:0,(anonymous_8)
FNDA:0,(anonymous_9)
FNDA:0,(anonymous_10)
FNDA:0,(anonymous_11)
DA:1,9
DA:2,9
DA:3,9
DA:4,9
DA:14,9
DA:29,9
DA:30,9
DA:34,9
DA:38,0
DA:39,0
DA:40,0
DA:43,0
DA:50,0
DA:52,0
DA:76,0
DA:77,0
DA:81,0
DA:82,0
DA:83,0
DA:84,0
DA:87,0
DA:89,0
DA:90,0
DA:91,0
DA:92,0
DA:93,0
DA:94,0
DA:96,0
DA:113,0
DA:114,0
DA:116,0
DA:123,0
DA:131,0
DA:133,0
DA:134,0
DA:135,0
DA:136,0
DA:139,0
DA:150,0
DA:152,0
DA:153,0
DA:154,0
DA:155,0
DA:158,0
DA:165,0
DA:171,0
LF:46
LH:8
BRDA:76,0,0,0
BRDA:76,0,1,0
BRDA:76,1,0,0
BRDA:76,1,1,0
BRDA:81,2,0,0
BRDA:81,2,1,0
BRDA:83,3,0,0
BRDA:94,4,0,0
BRDA:94,4,1,0
BRDA:102,5,0,0
BRDA:102,5,1,0
BRDA:103,6,0,0
BRDA:103,6,1,0
BRDA:104,7,0,0
BRDA:104,7,1,0
BRDA:105,8,0,0
BRDA:105,8,1,0
BRDA:106,9,0,0
BRDA:106,9,1,0
BRDA:107,10,0,0
BRDA:107,10,1,0
BRDA:133,11,0,0
BRDA:133,11,1,0
BRDA:133,12,0,0
BRDA:133,12,1,0
BRDA:135,13,0,0
BRDA:152,14,0,0
BRDA:152,14,1,0
BRDA:152,15,0,0
BRDA:152,15,1,0
BRDA:154,16,0,0
BRDA:171,17,0,0
BRDA:171,17,1,0
BRF:33
BRH:0
end_of_record
TN:
SF:src\modules\ai-usage\infrastructure\repositories\typeorm-user.repository.ts
FN:12,(anonymous_4)
FN:17,(anonymous_5)
FN:21,(anonymous_6)
FN:26,(anonymous_7)
FN:31,(anonymous_8)
FN:43,(anonymous_9)
FNF:6
FNH:1
FNDA:9,(anonymous_4)
FNDA:0,(anonymous_5)
FNDA:0,(anonymous_6)
FNDA:0,(anonymous_7)
FNDA:0,(anonymous_8)
FNDA:0,(anonymous_9)
DA:1,9
DA:2,9
DA:3,9
DA:4,9
DA:6,9
DA:9,9
DA:10,9
DA:14,9
DA:18,0
DA:22,0
DA:23,0
DA:27,0
DA:28,0
DA:32,0
DA:33,0
DA:35,0
DA:46,0
DA:49,0
LF:18
LH:8
BRF:0
BRH:0
end_of_record
TN:
SF:src\modules\ai\application\dto\ai-request.dto.ts
FNF:0
FNH:0
DA:1,0
DA:2,0
DA:4,0
DA:7,0
DA:12,0
DA:17,0
LF:6
LH:0
BRF:0
BRH:0
end_of_record
TN:
SF:src\modules\ai\application\dto\ai-response.dto.ts
FNF:0
FNH:0
DA:1,0
DA:3,0
DA:5,0
DA:8,0
DA:11,0
DA:14,0
DA:21,0
LF:7
LH:0
BRF:0
BRH:0
end_of_record
TN:
SF:src\modules\ai\application\prompts\tarot-prompts.ts
FN:11,(anonymous_0)
FN:73,(anonymous_1)
FN:106,(anonymous_2)
FN:135,(anonymous_3)
FN:142,(anonymous_4)
FN:153,(anonymous_5)
FN:225,(anonymous_6)
FNF:7
FNH:2
FNDA:0,(anonymous_0)
FNDA:0,(anonymous_1)
FNDA:0,(anonymous_2)
FNDA:14,(anonymous_3)
FNDA:42,(anonymous_4)
FNDA:0,(anonymous_5)
FNDA:0,(anonymous_6)
DA:6,9
DA:12,0
DA:88,0
DA:90,0
DA:93,0
DA:94,0
DA:95,0
DA:97,0
DA:100,0
DA:101,0
DA:104,0
DA:106,0
DA:107,0
DA:108,0
DA:112,0
DA:113,0
DA:114,0
DA:115,0
DA:116,0
DA:117,0
DA:121,0
DA:122,0
DA:123,0
DA:124,0
DA:125,0
DA:126,0
DA:127,0
DA:129,0
DA:138,14
DA:142,42
DA:154,0
DA:229,0
DA:230,0
DA:232,0
LF:34
LH:3
BRDA:94,0,0,0
BRDA:107,1,0,0
BRDA:107,1,1,0
BRDA:108,2,0,0
BRDA:108,2,1,0
BRDA:126,3,0,0
BRDA:126,3,1,0
BRDA:229,4,0,0
BRDA:229,4,1,0
BRDA:230,5,0,0
BRDA:230,5,1,0
BRF:11
BRH:0
end_of_record
TN:
SF:src\modules\ai\application\services\ai-provider.service.ts
FN:40,(anonymous_2)
FN:86,(anonymous_3)
FN:121,(anonymous_4)
FN:232,(anonymous_5)
FN:237,(anonymous_6)
FN:256,(anonymous_7)
FN:260,(anonymous_8)
FN:272,(anonymous_9)
FN:284,(anonymous_10)
FNF:9
FNH:1
FNDA:9,(anonymous_2)
FNDA:0,(anonymous_3)
FNDA:0,(anonymous_4)
FNDA:0,(anonymous_5)
FNDA:0,(anonymous_6)
FNDA:0,(anonymous_7)
FNDA:0,(anonymous_8)
FNDA:0,(anonymous_9)
FNDA:0,(anonymous_10)
DA:1,9
DA:2,9
DA:3,9
DA:9,9
DA:10,9
DA:11,9
DA:12,9
DA:13,9
DA:14,9
DA:18,9
DA:22,9
DA:30,9
DA:31,9
DA:32,9
DA:33,9
DA:36,9
DA:37,9
DA:38,9
DA:41,9
DA:42,9
DA:43,9
DA:44,9
DA:45,9
DA:46,9
DA:49,9
DA:56,9
DA:64,9
DA:72,9
DA:91,0
DA:92,0
DA:93,0
DA:95,0
DA:96,0
DA:97,0
DA:100,0
DA:101,0
DA:104,0
DA:108,0
DA:109,0
DA:110,0
DA:112,0
DA:115,0
DA:117,0
DA:118,0
DA:121,0
DA:122,0
DA:125,0
DA:127,0
DA:132,0
DA:133,0
DA:137,0
DA:143,0
DA:159,0
DA:160,0
DA:168,0
DA:175,0
DA:177,0
DA:179,0
DA:182,0
DA:183,0
DA:186,0
DA:192,0
DA:207,0
DA:208,0
DA:213,0
DA:217,0
DA:223,0
DA:224,0
DA:225,0
DA:231,0
DA:232,0
DA:234,0
DA:238,0
DA:239,0
DA:241,0
DA:243,0
DA:245,0
DA:247,0
DA:249,0
DA:259,0
DA:260,0
DA:266,0
DA:273,0
DA:274,0
DA:275,0
DA:278,0
DA:285,0
DA:286,0
DA:287,0
DA:289,0
LF:90
LH:28
BRDA:100,0,0,0
BRDA:100,1,0,0
BRDA:100,1,1,0
BRDA:109,2,0,0
BRDA:132,3,0,0
BRDA:144,4,0,0
BRDA:144,4,1,0
BRDA:145,5,0,0
BRDA:145,5,1,0
BRDA:159,6,0,0
BRDA:159,6,1,0
BRDA:170,7,0,0
BRDA:170,7,1,0
BRDA:179,8,0,0
BRDA:179,8,1,0
BRDA:182,9,0,0
BRDA:193,10,0,0
BRDA:193,10,1,0
BRDA:194,11,0,0
BRDA:194,11,1,0
BRDA:207,12,0,0
BRDA:213,13,0,0
BRDA:214,14,0,0
BRDA:214,14,1,0
BRDA:224,15,0,0
BRDA:239,16,0,0
BRDA:239,16,1,0
BRDA:239,16,2,0
BRDA:239,16,3,0
BRDA:239,16,4,0
BRDA:274,17,0,0
BRF:31
BRH:0
end_of_record
TN:
SF:src\modules\ai\application\services\prompt-builder.service.ts
FN:45,(anonymous_4)
FN:61,(anonymous_5)
FN:120,(anonymous_6)
FN:140,(anonymous_7)
FN:158,(anonymous_8)
FN:173,(anonymous_9)
FN:183,(anonymous_10)
FN:189,(anonymous_11)
FN:201,(anonymous_12)
FN:233,(anonymous_13)
FN:243,(anonymous_14)
FN:253,(anonymous_15)
FN:295,(anonymous_16)
FNF:13
FNH:3
FNDA:9,(anonymous_4)
FNDA:14,(anonymous_5)
FNDA:0,(anonymous_6)
FNDA:0,(anonymous_7)
FNDA:0,(anonymous_8)
FNDA:14,(anonymous_9)
FNDA:0,(anonymous_10)
FNDA:0,(anonymous_11)
FNDA:0,(anonymous_12)
FNDA:0,(anonymous_13)
FNDA:0,(anonymous_14)
FNDA:0,(anonymous_15)
FNDA:0,(anonymous_16)
DA:1,9
DA:2,9
DA:3,9
DA:4,9
DA:5,9
DA:6,9
DA:7,9
DA:37,9
DA:38,9
DA:39,9
DA:43,9
DA:47,9
DA:49,9
DA:51,9
DA:53,9
DA:63,14
DA:64,14
DA:65,0
DA:66,0
DA:69,14
DA:72,14
DA:77,14
DA:78,14
DA:82,14
DA:86,14
DA:87,0
DA:92,14
DA:96,14
DA:97,14
DA:104,0
DA:109,0
DA:126,0
DA:130,0
DA:131,0
DA:136,0
DA:137,0
DA:140,0
DA:148,0
DA:152,0
DA:153,0
DA:156,0
DA:158,0
DA:180,14
DA:183,0
DA:184,0
DA:189,0
DA:192,0
DA:200,0
DA:201,0
DA:205,0
DA:206,0
DA:207,0
DA:208,0
DA:211,0
DA:212,0
DA:213,0
DA:215,0
DA:216,0
DA:220,0
DA:223,0
DA:224,0
DA:229,0
DA:230,0
DA:233,0
DA:239,0
DA:243,0
DA:249,0
DA:253,0
DA:258,0
DA:260,0
DA:261,0
DA:262,0
DA:263,0
DA:265,0
DA:266,0
DA:269,0
DA:272,0
DA:273,0
DA:274,0
DA:275,0
DA:276,0
DA:277,0
DA:279,0
DA:296,0
DA:297,0
DA:298,0
DA:300,0
DA:301,0
LF:88
LH:27
BRDA:64,0,0,0
BRDA:64,1,0,14
BRDA:64,1,1,0
BRDA:77,2,0,14
BRDA:86,3,0,0
BRDA:96,4,0,14
BRDA:130,5,0,0
BRDA:131,6,0,0
BRDA:131,6,1,0
BRDA:136,7,0,0
BRDA:139,8,0,0
BRDA:139,8,1,0
BRDA:152,9,0,0
BRDA:157,10,0,0
BRDA:157,10,1,0
BRDA:215,11,0,0
BRDA:223,12,0,0
BRDA:223,12,1,0
BRDA:224,13,0,0
BRDA:224,13,1,0
BRDA:229,14,0,0
BRDA:229,14,1,0
BRDA:232,15,0,0
BRDA:232,15,1,0
BRDA:240,16,0,0
BRDA:240,16,1,0
BRDA:250,17,0,0
BRDA:250,17,1,0
BRDA:258,18,0,0
BRDA:258,18,1,0
BRDA:265,19,0,0
BRDA:296,20,0,0
BRDA:296,20,1,0
BRF:33
BRH:3
end_of_record
TN:
SF:src\modules\ai\domain\interfaces\ai-provider.interface.ts
FN:6,(anonymous_0)
FNF:1
FNH:1
FNDA:9,(anonymous_0)
DA:6,9
DA:7,9
DA:8,9
DA:9,9
LF:4
LH:4
BRDA:6,0,0,9
BRDA:6,0,1,9
BRF:2
BRH:2
end_of_record
TN:
SF:src\modules\ai\infrastructure\errors\ai-error.types.ts
FN:7,(anonymous_0)
FN:26,(anonymous_1)
FNF:2
FNH:1
FNDA:9,(anonymous_0)
FNDA:0,(anonymous_1)
DA:1,9
DA:7,9
DA:8,9
DA:9,9
DA:10,9
DA:11,9
DA:12,9
DA:13,9
DA:14,9
DA:20,9
DA:35,0
DA:39,0
DA:41,0
DA:42,0
DA:43,0
DA:44,0
LF:16
LH:10
BRDA:7,0,0,9
BRDA:7,0,1,9
BRDA:35,1,0,0
BRDA:35,1,1,0
BRF:4
BRH:2
end_of_record
TN:
SF:src\modules\ai\infrastructure\errors\circuit-breaker.utils.ts
FN:3,(anonymous_0)
FN:31,(anonymous_1)
FN:40,(anonymous_2)
FN:58,(anonymous_3)
FN:77,(anonymous_4)
FN:103,(anonymous_5)
FN:112,(anonymous_6)
FNF:7
FNH:2
FNDA:9,(anonymous_0)
FNDA:27,(anonymous_1)
FNDA:0,(anonymous_2)
FNDA:0,(anonymous_3)
FNDA:0,(anonymous_4)
FNDA:0,(anonymous_5)
FNDA:0,(anonymous_6)
DA:3,9
DA:4,9
DA:5,9
DA:6,9
DA:22,9
DA:23,27
DA:24,27
DA:25,27
DA:26,27
DA:27,27
DA:28,27
DA:29,27
DA:32,27
DA:33,27
DA:34,27
DA:42,0
DA:43,0
DA:44,0
DA:45,0
DA:46,0
DA:47,0
DA:49,0
DA:52,0
DA:59,0
DA:60,0
DA:62,0
DA:63,0
DA:66,0
DA:67,0
DA:68,0
DA:69,0
DA:78,0
DA:79,0
DA:80,0
DA:82,0
DA:84,0
DA:86,0
DA:87,0
DA:88,0
DA:90,0
DA:91,0
DA:92,0
DA:94,0
DA:96,0
DA:105,0
DA:106,0
DA:113,0
LF:47
LH:15
BRDA:3,0,0,9
BRDA:3,0,1,9
BRDA:42,1,0,0
BRDA:42,2,0,0
BRDA:42,2,1,0
BRDA:44,3,0,0
BRDA:62,4,0,0
BRDA:66,5,0,0
BRDA:82,6,0,0
BRDA:82,6,1,0
BRDA:88,7,0,0
BRDA:88,7,1,0
BRDA:90,8,0,0
BRDA:94,9,0,0
BRF:14
BRH:2
end_of_record
TN:
SF:src\modules\ai\infrastructure\errors\retry.utils.ts
FN:9,retryWithBackoff
FN:45,(anonymous_1)
FNF:2
FNH:0
FNDA:0,retryWithBackoff
FNDA:0,(anonymous_1)
DA:1,9
DA:9,9
DA:13,0
DA:15,0
DA:16,0
DA:17,0
DA:19,0
DA:22,0
DA:23,0
DA:24,0
DA:28,0
DA:32,0
DA:33,0
DA:38,0
DA:41,0
DA:42,0
DA:45,0
DA:49,0
LF:18
LH:2
BRDA:22,0,0,0
BRDA:22,0,1,0
BRDA:23,1,0,0
BRDA:32,2,0,0
BRDA:49,3,0,0
BRDA:49,3,1,0
BRF:6
BRH:0
end_of_record
TN:
SF:src\modules\ai\infrastructure\providers\deepseek.provider.ts
FN:21,(anonymous_2)
FN:31,(anonymous_3)
FN:58,(anonymous_4)
FN:203,(anonymous_5)
FN:223,(anonymous_6)
FN:231,(anonymous_7)
FN:232,(anonymous_8)
FN:241,(anonymous_9)
FN:242,(anonymous_10)
FN:243,(anonymous_11)
FNF:10
FNH:1
FNDA:9,(anonymous_2)
FNDA:0,(anonymous_3)
FNDA:0,(anonymous_4)
FNDA:0,(anonymous_5)
FNDA:0,(anonymous_6)
FNDA:0,(anonymous_7)
FNDA:0,(anonymous_8)
FNDA:0,(anonymous_9)
FNDA:0,(anonymous_10)
FNDA:0,(anonymous_11)
DA:1,9
DA:2,9
DA:3,9
DA:4,9
DA:11,9
DA:14,9
DA:15,9
DA:16,9
DA:17,9
DA:18,9
DA:19,9
DA:21,9
DA:22,9
DA:23,9
DA:24,0
DA:35,0
DA:36,0
DA:46,0
DA:49,0
DA:50,0
DA:52,0
DA:54,0
DA:55,0
DA:58,0
DA:68,0
DA:69,0
DA:78,0
DA:79,0
DA:81,0
DA:82,0
DA:91,0
DA:103,0
DA:104,0
DA:108,0
DA:111,0
DA:118,0
DA:121,0
DA:126,0
DA:136,0
DA:141,0
DA:151,0
DA:157,0
DA:167,0
DA:171,0
DA:180,0
DA:184,0
DA:193,0
DA:204,0
DA:205,0
DA:208,0
DA:209,0
DA:217,0
DA:219,0
DA:224,0
DA:232,0
DA:233,0
DA:235,0
DA:236,0
DA:237,0
DA:238,0
DA:242,0
DA:243,0
LF:62
LH:14
BRDA:23,0,0,0
BRDA:23,1,0,9
BRDA:23,1,1,0
BRDA:35,2,0,0
BRDA:46,3,0,0
BRDA:46,3,1,0
BRDA:46,3,2,0
BRDA:49,4,0,0
BRDA:49,4,1,0
BRDA:50,5,0,0
BRDA:50,5,1,0
BRDA:68,6,0,0
BRDA:68,7,0,0
BRDA:68,7,1,0
BRDA:79,8,0,0
BRDA:79,8,1,0
BRDA:81,9,0,0
BRDA:96,10,0,0
BRDA:96,10,1,0
BRDA:97,11,0,0
BRDA:97,11,1,0
BRDA:98,12,0,0
BRDA:98,12,1,0
BRDA:103,13,0,0
BRDA:108,14,0,0
BRDA:108,14,1,0
BRDA:118,15,0,0
BRDA:118,15,1,0
BRDA:118,15,2,0
BRDA:121,16,0,0
BRDA:122,17,0,0
BRDA:122,17,1,0
BRDA:122,17,2,0
BRDA:136,18,0,0
BRDA:137,19,0,0
BRDA:137,19,1,0
BRDA:137,19,2,0
BRDA:151,20,0,0
BRDA:152,21,0,0
BRDA:152,21,1,0
BRDA:152,21,2,0
BRDA:152,21,3,0
BRDA:152,21,4,0
BRDA:167,22,0,0
BRDA:168,23,0,0
BRDA:168,23,1,0
BRDA:180,24,0,0
BRDA:181,25,0,0
BRDA:181,25,1,0
BRDA:204,26,0,0
BRDA:232,27,0,0
BRDA:232,27,1,0
BRDA:233,28,0,0
BRDA:233,28,1,0
BRDA:235,29,0,0
BRDA:236,30,0,0
BRDA:237,31,0,0
BRF:57
BRH:1
end_of_record
TN:
SF:src\modules\ai\infrastructure\providers\groq.provider.ts
FN:20,(anonymous_2)
FN:27,(anonymous_3)
FN:54,(anonymous_4)
FN:203,(anonymous_5)
FN:224,(anonymous_6)
FN:232,(anonymous_7)
FN:234,(anonymous_8)
FN:243,(anonymous_9)
FN:244,(anonymous_10)
FN:245,(anonymous_11)
FNF:10
FNH:1
FNDA:9,(anonymous_2)
FNDA:0,(anonymous_3)
FNDA:0,(anonymous_4)
FNDA:0,(anonymous_5)
FNDA:0,(anonymous_6)
FNDA:0,(anonymous_7)
FNDA:0,(anonymous_8)
FNDA:0,(anonymous_9)
FNDA:0,(anonymous_10)
FNDA:0,(anonymous_11)
DA:1,9
DA:2,9
DA:3,9
DA:4,9
DA:11,9
DA:14,9
DA:15,9
DA:16,9
DA:17,9
DA:18,9
DA:20,9
DA:21,9
DA:22,9
DA:23,9
DA:31,0
DA:32,0
DA:42,0
DA:45,0
DA:46,0
DA:48,0
DA:50,0
DA:51,0
DA:54,0
DA:64,0
DA:65,0
DA:74,0
DA:75,0
DA:77,0
DA:78,0
DA:87,0
DA:100,0
DA:101,0
DA:106,0
DA:110,0
DA:117,0
DA:120,0
DA:125,0
DA:135,0
DA:140,0
DA:150,0
DA:156,0
DA:166,0
DA:170,0
DA:179,0
DA:183,0
DA:193,0
DA:204,0
DA:205,0
DA:208,0
DA:210,0
DA:218,0
DA:220,0
DA:225,0
DA:234,0
DA:235,0
DA:237,0
DA:238,0
DA:239,0
DA:240,0
DA:244,0
DA:245,0
LF:61
LH:14
BRDA:22,0,0,9
BRDA:22,1,0,9
BRDA:22,1,1,9
BRDA:31,2,0,0
BRDA:42,3,0,0
BRDA:42,3,1,0
BRDA:42,3,2,0
BRDA:45,4,0,0
BRDA:45,4,1,0
BRDA:46,5,0,0
BRDA:46,5,1,0
BRDA:64,6,0,0
BRDA:64,7,0,0
BRDA:64,7,1,0
BRDA:75,8,0,0
BRDA:75,8,1,0
BRDA:77,9,0,0
BRDA:92,10,0,0
BRDA:92,10,1,0
BRDA:93,11,0,0
BRDA:93,11,1,0
BRDA:94,12,0,0
BRDA:94,12,1,0
BRDA:100,13,0,0
BRDA:106,14,0,0
BRDA:106,14,1,0
BRDA:117,15,0,0
BRDA:117,15,1,0
BRDA:117,15,2,0
BRDA:120,16,0,0
BRDA:121,17,0,0
BRDA:121,17,1,0
BRDA:121,17,2,0
BRDA:135,18,0,0
BRDA:136,19,0,0
BRDA:136,19,1,0
BRDA:136,19,2,0
BRDA:150,20,0,0
BRDA:151,21,0,0
BRDA:151,21,1,0
BRDA:151,21,2,0
BRDA:151,21,3,0
BRDA:151,21,4,0
BRDA:166,22,0,0
BRDA:167,23,0,0
BRDA:167,23,1,0
BRDA:179,24,0,0
BRDA:180,25,0,0
BRDA:180,25,1,0
BRDA:204,26,0,0
BRDA:234,27,0,0
BRDA:234,27,1,0
BRDA:235,28,0,0
BRDA:235,28,1,0
BRDA:237,29,0,0
BRDA:238,30,0,0
BRDA:239,31,0,0
BRF:57
BRH:3
end_of_record
TN:
SF:src\modules\ai\infrastructure\providers\openai.provider.ts
FN:20,(anonymous_2)
FN:27,(anonymous_3)
FN:54,(anonymous_4)
FN:199,(anonymous_5)
FN:219,(anonymous_6)
FN:227,(anonymous_7)
FN:228,(anonymous_8)
FN:237,(anonymous_9)
FN:238,(anonymous_10)
FN:239,(anonymous_11)
FNF:10
FNH:1
FNDA:9,(anonymous_2)
FNDA:0,(anonymous_3)
FNDA:0,(anonymous_4)
FNDA:0,(anonymous_5)
FNDA:0,(anonymous_6)
FNDA:0,(anonymous_7)
FNDA:0,(anonymous_8)
FNDA:0,(anonymous_9)
FNDA:0,(anonymous_10)
FNDA:0,(anonymous_11)
DA:1,9
DA:2,9
DA:3,9
DA:4,9
DA:11,9
DA:14,9
DA:15,9
DA:16,9
DA:17,9
DA:18,9
DA:20,9
DA:21,9
DA:22,9
DA:23,0
DA:31,0
DA:32,0
DA:42,0
DA:45,0
DA:46,0
DA:48,0
DA:50,0
DA:51,0
DA:54,0
DA:64,0
DA:65,0
DA:74,0
DA:75,0
DA:77,0
DA:78,0
DA:87,0
DA:99,0
DA:100,0
DA:104,0
DA:107,0
DA:114,0
DA:117,0
DA:122,0
DA:132,0
DA:137,0
DA:147,0
DA:153,0
DA:163,0
DA:167,0
DA:176,0
DA:180,0
DA:189,0
DA:200,0
DA:201,0
DA:204,0
DA:205,0
DA:213,0
DA:215,0
DA:220,0
DA:228,0
DA:229,0
DA:231,0
DA:232,0
DA:233,0
DA:234,0
DA:238,0
DA:239,0
LF:61
LH:13
BRDA:22,0,0,0
BRDA:22,1,0,9
BRDA:22,1,1,0
BRDA:31,2,0,0
BRDA:42,3,0,0
BRDA:42,3,1,0
BRDA:42,3,2,0
BRDA:45,4,0,0
BRDA:45,4,1,0
BRDA:46,5,0,0
BRDA:46,5,1,0
BRDA:64,6,0,0
BRDA:64,7,0,0
BRDA:64,7,1,0
BRDA:75,8,0,0
BRDA:75,8,1,0
BRDA:77,9,0,0
BRDA:92,10,0,0
BRDA:92,10,1,0
BRDA:93,11,0,0
BRDA:93,11,1,0
BRDA:94,12,0,0
BRDA:94,12,1,0
BRDA:99,13,0,0
BRDA:104,14,0,0
BRDA:104,14,1,0
BRDA:114,15,0,0
BRDA:114,15,1,0
BRDA:114,15,2,0
BRDA:117,16,0,0
BRDA:118,17,0,0
BRDA:118,17,1,0
BRDA:118,17,2,0
BRDA:132,18,0,0
BRDA:133,19,0,0
BRDA:133,19,1,0
BRDA:133,19,2,0
BRDA:147,20,0,0
BRDA:148,21,0,0
BRDA:148,21,1,0
BRDA:148,21,2,0
BRDA:148,21,3,0
BRDA:148,21,4,0
BRDA:163,22,0,0
BRDA:164,23,0,0
BRDA:164,23,1,0
BRDA:176,24,0,0
BRDA:177,25,0,0
BRDA:177,25,1,0
BRDA:200,26,0,0
BRDA:228,27,0,0
BRDA:228,27,1,0
BRDA:229,28,0,0
BRDA:229,28,1,0
BRDA:231,29,0,0
BRDA:232,30,0,0
BRDA:233,31,0,0
BRF:57
BRH:1
end_of_record
TN:
SF:src\modules\audit\audit-log.controller.ts
FN:18,(anonymous_4)
FN:33,(anonymous_5)
FNF:2
FNH:1
FNDA:9,(anonymous_4)
FNDA:0,(anonymous_5)
DA:1,9
DA:2,9
DA:8,9
DA:9,9
DA:10,9
DA:11,9
DA:17,9
DA:18,9
DA:33,9
DA:36,0
LF:10
LH:9
BRF:0
BRH:0
end_of_record
TN:
SF:src\modules\audit\audit-log.service.ts
FN:26,(anonymous_4)
FN:31,(anonymous_5)
FN:36,(anonymous_6)
FNF:3
FNH:2
FNDA:9,(anonymous_4)
FNDA:11,(anonymous_5)
FNDA:0,(anonymous_6)
DA:1,9
DA:2,9
DA:3,9
DA:10,9
DA:25,9
DA:28,9
DA:32,11
DA:33,11
DA:45,0
DA:47,0
DA:49,0
DA:50,0
DA:53,0
DA:54,0
DA:57,0
DA:58,0
DA:62,0
DA:63,0
DA:64,0
DA:65,0
DA:66,0
DA:67,0
DA:70,0
DA:72,0
DA:80,0
LF:25
LH:8
BRDA:43,0,0,0
BRDA:44,1,0,0
BRDA:49,2,0,0
BRDA:53,3,0,0
BRDA:57,4,0,0
BRDA:62,5,0,0
BRDA:62,5,1,0
BRDA:62,6,0,0
BRDA:62,6,1,0
BRDA:64,7,0,0
BRDA:64,7,1,0
BRDA:66,8,0,0
BRF:12
BRH:0
end_of_record
TN:
SF:src\modules\audit\decorators\audit.decorators.ts
FN:5,(anonymous_0)
FN:14,(anonymous_1)
FNF:2
FNH:0
FNDA:0,(anonymous_0)
FNDA:0,(anonymous_1)
DA:1,0
DA:4,0
DA:6,0
DA:9,0
DA:13,0
DA:15,0
LF:6
LH:0
BRF:0
BRH:0
end_of_record
TN:
SF:src\modules\audit\dto\create-audit-log.dto.ts
FNF:0
FNH:0
DA:1,0
DA:2,0
DA:9,0
DA:11,0
DA:19,0
DA:27,0
DA:36,0
DA:44,0
DA:52,0
DA:59,0
DA:66,0
DA:75,0
DA:84,0
LF:13
LH:0
BRF:0
BRH:0
end_of_record
TN:
SF:src\modules\audit\dto\query-audit-log.dto.ts
FN:20,(anonymous_2)
FN:64,(anonymous_3)
FN:77,(anonymous_4)
FNF:3
FNH:0
FNDA:0,(anonymous_2)
FNDA:0,(anonymous_3)
FNDA:0,(anonymous_4)
DA:1,9
DA:2,9
DA:11,9
DA:12,9
DA:14,9
DA:20,0
DA:22,9
DA:31,9
DA:39,9
DA:47,9
DA:55,9
DA:64,0
DA:67,9
DA:77,0
DA:81,9
LF:15
LH:12
BRF:0
BRH:0
end_of_record
TN:
SF:src\modules\audit\entities\audit-log.entity.ts
FN:25,(anonymous_2)
FN:32,(anonymous_3)
FNF:2
FNH:2
FNDA:9,(anonymous_2)
FNDA:9,(anonymous_3)
DA:1,9
DA:10,9
DA:11,9
DA:18,9
DA:20,9
DA:23,9
DA:25,9
DA:27,9
DA:30,9
DA:32,9
DA:34,9
DA:40,9
DA:43,9
DA:46,9
DA:49,9
DA:52,9
DA:55,9
DA:58,9
DA:61,9
LF:19
LH:19
BRF:0
BRH:0
end_of_record
TN:
SF:src\modules\audit\enums\audit-action.enum.ts
FN:1,(anonymous_0)
FNF:1
FNH:1
FNDA:9,(anonymous_0)
DA:1,9
DA:2,9
DA:3,9
DA:4,9
DA:5,9
DA:6,9
DA:7,9
DA:8,9
DA:9,9
DA:10,9
DA:11,9
DA:12,9
DA:13,9
LF:13
LH:13
BRDA:1,0,0,9
BRDA:1,0,1,9
BRF:2
BRH:2
end_of_record
TN:
SF:src\modules\auth\auth.controller.ts
FN:31,(anonymous_4)
FN:103,(anonymous_5)
FN:170,(anonymous_6)
FN:240,(anonymous_7)
FN:294,(anonymous_8)
FN:331,(anonymous_9)
FN:362,(anonymous_10)
FN:393,(anonymous_11)
FNF:8
FNH:1
FNDA:9,(anonymous_4)
FNDA:0,(anonymous_5)
FNDA:0,(anonymous_6)
FNDA:0,(anonymous_7)
FNDA:0,(anonymous_8)
FNDA:0,(anonymous_9)
FNDA:0,(anonymous_10)
FNDA:0,(anonymous_11)
DA:1,9
DA:10,9
DA:11,9
DA:12,9
DA:13,9
DA:14,9
DA:15,9
DA:16,9
DA:17,9
DA:18,9
DA:26,9
DA:30,9
DA:31,9
DA:103,9
DA:104,0
DA:105,0
DA:106,0
DA:170,9
DA:171,0
DA:172,0
DA:174,0
DA:181,0
DA:182,0
DA:185,0
DA:240,9
DA:241,0
DA:242,0
DA:244,0
DA:294,9
DA:295,0
DA:331,9
DA:332,0
DA:333,0
DA:334,0
DA:336,0
DA:362,9
DA:363,0
DA:393,9
DA:394,0
LF:39
LH:20
BRDA:104,0,0,0
BRDA:104,0,1,0
BRDA:105,1,0,0
BRDA:105,1,1,0
BRDA:171,2,0,0
BRDA:171,2,1,0
BRDA:172,3,0,0
BRDA:172,3,1,0
BRDA:181,4,0,0
BRDA:241,5,0,0
BRDA:241,5,1,0
BRDA:242,6,0,0
BRDA:242,6,1,0
BRDA:333,7,0,0
BRDA:333,8,0,0
BRDA:333,8,1,0
BRF:16
BRH:0
end_of_record
TN:
SF:src\modules\auth\application\dto\forgot-password.dto.ts
FNF:0
FNH:0
DA:1,9
DA:2,9
DA:3,9
DA:5,9
DA:14,9
LF:5
LH:5
BRF:0
BRH:0
end_of_record
TN:
SF:src\modules\auth\application\dto\is-strong-password.validator.ts
FN:3,IsStrongPassword
FN:4,(anonymous_1)
FN:11,(anonymous_2)
FN:33,(anonymous_3)
FNF:4
FNH:2
FNDA:9,IsStrongPassword
FNDA:9,(anonymous_1)
FNDA:0,(anonymous_2)
FNDA:0,(anonymous_3)
DA:1,9
DA:3,9
DA:4,9
DA:5,9
DA:12,0
DA:13,0
DA:17,0
DA:18,0
DA:22,0
DA:23,0
DA:27,0
DA:28,0
DA:31,0
DA:34,0
LF:14
LH:4
BRDA:12,0,0,0
BRDA:17,1,0,0
BRDA:22,2,0,0
BRDA:27,3,0,0
BRF:4
BRH:0
end_of_record
TN:
SF:src\modules\auth\application\dto\login.dto.ts
FNF:0
FNH:0
DA:1,9
DA:2,9
DA:3,9
DA:8,9
DA:15,9
DA:24,9
LF:6
LH:6
BRF:0
BRH:0
end_of_record
TN:
SF:src\modules\auth\application\dto\refresh-token.dto.ts
FNF:0
FNH:0
DA:1,9
DA:2,9
DA:4,9
DA:12,9
LF:4
LH:4
BRF:0
BRH:0
end_of_record
TN:
SF:src\modules\auth\application\dto\reset-password.dto.ts
FNF:0
FNH:0
DA:1,9
DA:2,9
DA:3,9
DA:4,9
DA:6,9
DA:15,9
DA:29,9
LF:7
LH:7
BRF:0
BRH:0
end_of_record
TN:
SF:src\modules\auth\application\services\auth-orchestrator.service.ts
FN:13,(anonymous_2)
FN:22,(anonymous_3)
FN:36,(anonymous_4)
FN:45,(anonymous_5)
FN:53,(anonymous_6)
FN:61,(anonymous_7)
FN:65,(anonymous_8)
FN:69,(anonymous_9)
FN:75,(anonymous_10)
FNF:9
FNH:9
FNDA:9,(anonymous_2)
FNDA:8,(anonymous_3)
FNDA:76,(anonymous_4)
FNDA:18,(anonymous_5)
FNDA:4,(anonymous_6)
FNDA:1,(anonymous_7)
FNDA:1,(anonymous_8)
FNDA:5,(anonymous_9)
FNDA:5,(anonymous_10)
DA:1,9
DA:2,9
DA:3,9
DA:4,9
DA:5,9
DA:6,9
DA:7,9
DA:12,9
DA:14,9
DA:15,9
DA:16,9
DA:17,9
DA:18,9
DA:19,9
DA:28,8
DA:42,76
DA:50,18
DA:58,4
DA:62,1
DA:66,1
DA:72,5
DA:79,5
LF:22
LH:22
BRF:0
BRH:0
end_of_record
TN:
SF:src\modules\auth\application\services\token-cleanup.service.ts
FN:14,(anonymous_4)
FN:26,(anonymous_5)
FN:51,(anonymous_6)
FNF:3
FNH:1
FNDA:9,(anonymous_4)
FNDA:0,(anonymous_5)
FNDA:0,(anonymous_6)
DA:1,9
DA:2,9
DA:5,9
DA:11,9
DA:12,9
DA:16,9
DA:18,9
DA:26,9
DA:27,0
DA:29,0
DA:32,0
DA:33,0
DA:37,0
DA:38,0
DA:42,0
DA:44,0
DA:56,0
DA:58,0
DA:60,0
LF:19
LH:8
BRF:0
BRH:0
end_of_record
TN:
SF:src\modules\auth\application\use-cases\forgot-password.use-case.ts
FN:7,(anonymous_4)
FN:12,(anonymous_5)
FNF:2
FNH:2
FNDA:9,(anonymous_4)
FNDA:5,(anonymous_5)
DA:1,9
DA:3,9
DA:6,9
DA:9,9
DA:14,5
DA:17,5
DA:18,5
DA:19,5
DA:20,5
DA:24,5
LF:10
LH:10
BRDA:26,0,0,5
BRDA:26,0,1,0
BRF:2
BRH:1
end_of_record
TN:
SF:src\modules\auth\application\use-cases\login.use-case.ts
FN:15,(anonymous_4)
FN:23,(anonymous_5)
FN:74,(anonymous_6)
FNF:3
FNH:3
FNDA:9,(anonymous_4)
FNDA:8,(anonymous_5)
FNDA:76,(anonymous_6)
DA:1,9
DA:2,9
DA:3,9
DA:4,9
DA:7,9
DA:8,9
DA:9,9
DA:10,9
DA:11,9
DA:14,9
DA:16,9
DA:17,9
DA:19,9
DA:20,9
DA:29,8
DA:32,8
DA:33,0
DA:36,8
DA:38,6
DA:39,6
DA:43,2
DA:44,1
DA:45,1
DA:54,0
DA:57,1
DA:58,1
DA:67,0
DA:71,2
DA:91,76
DA:92,0
DA:96,76
DA:97,76
DA:98,0
DA:102,76
DA:103,0
DA:109,76
DA:110,76
DA:113,76
DA:114,76
DA:123,0
DA:128,76
DA:129,0
DA:130,0
DA:134,76
DA:144,76
DA:150,76
LF:46
LH:37
BRDA:32,0,0,0
BRDA:32,1,0,8
BRDA:32,1,1,8
BRDA:36,2,0,6
BRDA:36,3,0,8
BRDA:36,3,1,7
BRDA:43,4,0,1
BRDA:43,4,1,1
BRDA:48,5,0,1
BRDA:48,5,1,0
BRDA:49,6,0,1
BRDA:49,6,1,0
BRDA:61,7,0,1
BRDA:61,7,1,0
BRDA:62,8,0,1
BRDA:62,8,1,0
BRDA:91,9,0,0
BRDA:91,10,0,76
BRDA:91,10,1,76
BRDA:91,10,2,76
BRDA:91,10,3,76
BRDA:97,11,0,0
BRDA:102,12,0,0
BRDA:104,13,0,0
BRDA:104,13,1,0
BRDA:128,14,0,0
BRDA:140,15,0,76
BRDA:140,15,1,0
BRF:28
BRH:16
end_of_record
TN:
SF:src\modules\auth\application\use-cases\logout.use-case.ts
FN:7,(anonymous_4)
FN:12,(anonymous_5)
FN:25,(anonymous_6)
FNF:3
FNH:3
FNDA:9,(anonymous_4)
FNDA:1,(anonymous_5)
FNDA:1,(anonymous_6)
DA:1,9
DA:3,9
DA:6,9
DA:9,9
DA:14,1
DA:16,1
DA:17,0
DA:20,1
DA:22,1
DA:26,1
DA:27,0
DA:30,1
DA:32,1
LF:13
LH:11
BRDA:16,0,0,0
BRDA:26,1,0,0
BRF:2
BRH:0
end_of_record
TN:
SF:src\modules\auth\application\use-cases\refresh-token.use-case.ts
FN:10,(anonymous_4)
FN:17,(anonymous_5)
FNF:2
FNH:2
FNDA:9,(anonymous_4)
FNDA:4,(anonymous_5)
DA:1,9
DA:2,9
DA:4,9
DA:5,9
DA:6,9
DA:9,9
DA:11,9
DA:13,9
DA:14,9
DA:24,4
DA:26,4
DA:27,2
DA:31,2
DA:32,0
DA:36,2
DA:37,2
DA:38,0
DA:42,2
DA:46,2
DA:47,0
DA:48,0
DA:52,2
DA:60,2
DA:64,2
DA:70,2
LF:25
LH:21
BRDA:26,0,0,2
BRDA:31,1,0,0
BRDA:37,2,0,0
BRDA:46,3,0,0
BRDA:58,4,0,2
BRDA:58,4,1,0
BRF:6
BRH:2
end_of_record
TN:
SF:src\modules\auth\application\use-cases\register.use-case.ts
FN:11,(anonymous_4)
FN:18,(anonymous_5)
FNF:2
FNH:2
FNDA:9,(anonymous_4)
FNDA:18,(anonymous_5)
DA:1,9
DA:2,9
DA:3,9
DA:6,9
DA:7,9
DA:10,9
DA:12,9
DA:13,9
DA:15,9
DA:33,18
DA:36,17
DA:37,17
DA:38,0
DA:44,17
DA:45,0
DA:46,0
DA:49,17
DA:59,17
DA:65,17
LF:19
LH:16
BRDA:37,0,0,0
BRDA:44,1,0,0
BRDA:55,2,0,17
BRDA:55,2,1,0
BRF:4
BRH:1
end_of_record
TN:
SF:src\modules\auth\application\use-cases\reset-password.use-case.ts
FN:12,(anonymous_4)
FN:20,(anonymous_5)
FNF:2
FNH:2
FNDA:9,(anonymous_4)
FNDA:5,(anonymous_5)
DA:1,9
DA:2,9
DA:5,9
DA:11,9
DA:14,9
DA:16,9
DA:17,9
DA:25,5
DA:28,3
DA:33,3
DA:36,3
DA:38,3
LF:12
LH:12
BRF:0
BRH:0
end_of_record
TN:
SF:src\modules\auth\domain\interfaces\repository.tokens.ts
FNF:0
FNH:0
DA:1,9
DA:2,9
LF:2
LH:2
BRF:0
BRH:0
end_of_record
TN:
SF:src\modules\auth\entities\password-reset-token.entity.ts
FN:19,(anonymous_2)
FNF:1
FNH:1
FNDA:9,(anonymous_2)
DA:1,9
DA:9,9
DA:12,9
DA:14,9
DA:17,9
DA:19,9
DA:21,9
DA:24,9
DA:27,9
DA:30,9
DA:33,9
LF:11
LH:11
BRF:0
BRH:0
end_of_record
TN:
SF:src\modules\auth\entities\refresh-token.entity.ts
FN:51,(anonymous_2)
FN:58,(anonymous_3)
FN:65,(anonymous_4)
FN:72,(anonymous_5)
FN:21,(anonymous_6)
FNF:5
FNH:4
FNDA:2,(anonymous_2)
FNDA:2,(anonymous_3)
FNDA:2,(anonymous_4)
FNDA:0,(anonymous_5)
FNDA:9,(anonymous_6)
DA:1,9
DA:10,9
DA:14,9
DA:16,9
DA:19,9
DA:21,9
DA:23,9
DA:27,9
DA:31,9
DA:34,9
DA:37,9
DA:40,9
DA:43,9
DA:46,9
DA:52,2
DA:59,2
DA:66,2
DA:73,0
LF:18
LH:17
BRDA:66,0,0,2
BRDA:66,0,1,2
BRF:2
BRH:2
end_of_record
TN:
SF:src\modules\auth\infrastructure\guards\admin.guard.ts
FN:27,(anonymous_1)
FNF:1
FNH:1
FNDA:9,(anonymous_1)
DA:1,9
DA:8,9
DA:26,9
DA:30,9
DA:31,9
DA:33,9
DA:34,0
DA:38,9
DA:39,7
DA:43,2
DA:44,0
DA:47,2
LF:12
LH:10
BRDA:33,0,0,0
BRDA:38,1,0,7
BRDA:43,2,0,0
BRF:3
BRH:1
end_of_record
TN:
SF:src\modules\auth\infrastructure\guards\jwt-auth.guard.ts
FNF:0
FNH:0
DA:1,9
DA:2,9
DA:5,9
LF:3
LH:3
BRF:0
BRH:0
end_of_record
TN:
SF:src\modules\auth\infrastructure\repositories\typeorm-password-reset.repository.ts
FN:14,(anonymous_4)
FN:20,(anonymous_5)
FN:58,(anonymous_6)
FN:83,(anonymous_7)
FN:88,(anonymous_8)
FNF:5
FNH:4
FNDA:9,(anonymous_4)
FNDA:5,(anonymous_5)
FNDA:5,(anonymous_6)
FNDA:3,(anonymous_7)
FNDA:0,(anonymous_8)
DA:1,9
DA:2,9
DA:3,9
DA:4,9
DA:5,9
DA:7,9
DA:8,9
DA:11,9
DA:16,9
DA:17,9
DA:24,5
DA:25,5
DA:29,0
DA:37,5
DA:40,5
DA:43,5
DA:46,5
DA:53,5
DA:55,5
DA:60,5
DA:61,5
DA:68,5
DA:69,3
DA:70,3
DA:73,3
DA:74,0
DA:76,3
DA:80,2
DA:84,3
DA:85,3
DA:89,0
DA:91,0
DA:98,0
LF:33
LH:28
BRDA:25,0,0,0
BRDA:70,1,0,3
BRDA:73,2,0,0
BRDA:98,3,0,0
BRDA:98,3,1,0
BRF:5
BRH:1
end_of_record
TN:
SF:src\modules\auth\infrastructure\repositories\typeorm-refresh-token.repository.ts
FN:13,(anonymous_4)
FN:22,(anonymous_5)
FN:23,(anonymous_6)
FN:24,(anonymous_7)
FN:34,(anonymous_8)
FN:42,(anonymous_9)
FN:46,(anonymous_10)
FN:76,(anonymous_11)
FN:101,(anonymous_12)
FN:120,(anonymous_13)
FN:127,(anonymous_14)
FN:134,(anonymous_15)
FNF:12
FNH:10
FNDA:9,(anonymous_4)
FNDA:95,(anonymous_5)
FNDA:95,(anonymous_6)
FNDA:95,(anonymous_7)
FNDA:95,(anonymous_8)
FNDA:100,(anonymous_9)
FNDA:95,(anonymous_10)
FNDA:5,(anonymous_11)
FNDA:0,(anonymous_12)
FNDA:3,(anonymous_13)
FNDA:25,(anonymous_14)
FNDA:0,(anonymous_15)
DA:1,9
DA:2,9
DA:3,9
DA:4,9
DA:5,9
DA:8,9
DA:9,9
DA:12,9
DA:15,9
DA:16,9
DA:23,95
DA:24,95
DA:25,95
DA:26,95
DA:35,95
DA:36,95
DA:43,100
DA:51,95
DA:52,95
DA:53,95
DA:56,95
DA:58,95
DA:68,95
DA:70,95
DA:80,5
DA:84,5
DA:88,5
DA:89,2
DA:93,3
DA:94,3
DA:95,0
DA:98,3
DA:106,0
DA:110,0
DA:111,0
DA:112,0
DA:113,0
DA:117,0
DA:121,3
DA:128,25
DA:136,0
DA:138,0
DA:139,0
DA:141,0
DA:151,0
LF:45
LH:33
BRDA:25,0,0,0
BRDA:48,1,0,0
BRDA:49,2,0,0
BRDA:56,3,0,95
BRDA:56,3,1,0
BRDA:88,4,0,2
BRDA:94,5,0,0
BRDA:112,6,0,0
BRDA:136,7,0,0
BRDA:136,7,1,0
BRDA:151,8,0,0
BRDA:151,8,1,0
BRF:12
BRH:2
end_of_record
TN:
SF:src\modules\auth\infrastructure\strategies\jwt.strategy.ts
FN:18,(anonymous_2)
FN:29,(anonymous_3)
FNF:2
FNH:2
FNDA:9,(anonymous_2)
FNDA:62,(anonymous_3)
DA:1,9
DA:2,9
DA:3,9
DA:4,9
DA:5,9
DA:17,9
DA:19,9
DA:20,9
DA:22,9
DA:31,62
DA:33,62
DA:34,0
DA:37,62
DA:38,0
DA:43,62
LF:15
LH:13
BRDA:25,0,0,9
BRDA:25,0,1,0
BRDA:33,1,0,0
BRDA:37,2,0,0
BRDA:39,3,0,0
BRDA:39,3,1,0
BRDA:46,4,0,62
BRDA:46,4,1,62
BRDA:47,5,0,62
BRDA:47,5,1,0
BRDA:48,6,0,62
BRDA:48,6,1,0
BRF:12
BRH:5
end_of_record
TN:
SF:src\modules\cache\application\constants\cache-strategy.constants.ts
FN:8,(anonymous_0)
FNF:1
FNH:1
FNDA:9,(anonymous_0)
DA:8,9
DA:12,9
DA:17,9
DA:22,9
DA:28,9
DA:48,9
DA:56,9
DA:102,9
DA:122,9
LF:9
LH:9
BRDA:8,0,0,9
BRDA:8,0,1,9
BRF:2
BRH:2
end_of_record
TN:
SF:src\modules\cache\application\dto\cache-analytics.dto.ts
FNF:0
FNH:0
DA:1,9
DA:6,9
DA:11,9
DA:17,9
DA:23,9
DA:29,9
DA:35,9
DA:41,9
DA:46,9
DA:52,9
DA:58,9
DA:64,9
DA:70,9
DA:75,9
DA:81,9
DA:88,9
DA:94,9
DA:99,9
DA:105,9
DA:112,9
DA:119,9
DA:125,9
DA:131,9
DA:136,9
DA:142,9
DA:148,9
DA:154,9
DA:160,9
DA:166,9
DA:171,9
DA:177,9
DA:183,9
DA:189,9
DA:195,9
DA:201,9
DA:207,9
DA:213,9
DA:218,9
DA:224,9
DA:230,9
DA:236,9
DA:242,9
LF:42
LH:42
BRF:0
BRH:0
end_of_record
TN:
SF:src\modules\cache\application\dto\cache-stats.dto.ts
FNF:0
FNH:0
DA:1,0
DA:3,0
DA:5,0
DA:8,0
DA:11,0
DA:14,0
LF:6
LH:0
BRF:0
BRH:0
end_of_record
TN:
SF:src\modules\cache\application\dto\invalidate-cache.dto.ts
FNF:0
FNH:0
DA:1,0
DA:2,0
DA:4,0
DA:12,0
DA:21,0
LF:5
LH:0
BRF:0
BRH:0
end_of_record
TN:
SF:src\modules\cache\application\services\cache-analytics.service.ts
FN:41,(anonymous_4)
FN:51,(anonymous_5)
FN:88,(anonymous_6)
FN:118,(anonymous_7)
FN:134,(anonymous_8)
FN:142,(anonymous_9)
FN:144,(anonymous_10)
FN:159,(anonymous_11)
FN:181,(anonymous_12)
FN:235,(anonymous_13)
FN:265,(anonymous_14)
FN:278,(anonymous_15)
FNF:12
FNH:1
FNDA:9,(anonymous_4)
FNDA:0,(anonymous_5)
FNDA:0,(anonymous_6)
FNDA:0,(anonymous_7)
FNDA:0,(anonymous_8)
FNDA:0,(anonymous_9)
FNDA:0,(anonymous_10)
FNDA:0,(anonymous_11)
FNDA:0,(anonymous_12)
FNDA:0,(anonymous_13)
FNDA:0,(anonymous_14)
FNDA:0,(anonymous_15)
DA:1,9
DA:2,9
DA:3,9
DA:4,9
DA:5,9
DA:13,9
DA:38,9
DA:39,9
DA:43,9
DA:45,9
DA:52,0
DA:53,0
DA:56,0
DA:63,0
DA:66,0
DA:72,0
DA:74,0
DA:76,0
DA:89,0
DA:91,0
DA:95,0
DA:99,0
DA:103,0
DA:105,0
DA:119,0
DA:120,0
DA:122,0
DA:124,0
DA:135,0
DA:142,0
DA:143,0
DA:144,0
DA:146,0
DA:160,0
DA:166,0
DA:168,0
DA:182,0
DA:183,0
DA:188,0
DA:190,0
DA:193,0
DA:197,0
DA:199,0
DA:214,0
DA:227,0
DA:244,0
DA:245,0
DA:247,0
DA:265,0
DA:283,0
LF:50
LH:10
BRDA:51,0,0,0
BRDA:63,1,0,0
BRDA:63,1,1,0
BRDA:74,2,0,0
BRDA:74,2,1,0
BRDA:88,3,0,0
BRDA:151,4,0,0
BRDA:151,4,1,0
BRDA:159,5,0,0
BRDA:197,6,0,0
BRDA:197,6,1,0
BRDA:235,7,0,0
BRDA:267,8,0,0
BRDA:267,8,1,0
BRDA:268,9,0,0
BRDA:268,9,1,0
BRDA:269,10,0,0
BRDA:269,10,1,0
BRDA:270,11,0,0
BRDA:270,11,1,0
BRDA:284,12,0,0
BRDA:284,12,1,0
BRDA:284,13,0,0
BRDA:284,13,1,0
BRF:24
BRH:0
end_of_record
TN:
SF:src\modules\cache\application\services\cache-cleanup.service.ts
FN:9,(anonymous_2)
FN:15,(anonymous_3)
FN:32,(anonymous_4)
FN:49,(anonymous_5)
FNF:4
FNH:1
FNDA:9,(anonymous_2)
FNDA:0,(anonymous_3)
FNDA:0,(anonymous_4)
FNDA:0,(anonymous_5)
DA:1,9
DA:2,9
DA:3,9
DA:6,9
DA:7,9
DA:9,9
DA:15,9
DA:16,0
DA:18,0
DA:19,0
DA:20,0
DA:24,0
DA:32,9
DA:33,0
DA:35,0
DA:36,0
DA:37,0
DA:41,0
DA:49,9
DA:50,0
DA:51,0
DA:52,0
DA:56,0
LF:23
LH:9
BRF:0
BRH:0
end_of_record
TN:
SF:src\modules\cache\application\services\cache-strategy.service.ts
FN:31,(anonymous_4)
FN:43,(anonymous_5)
FN:56,(anonymous_6)
FN:88,(anonymous_7)
FN:94,(anonymous_8)
FN:102,(anonymous_9)
FN:118,(anonymous_10)
FN:124,(anonymous_11)
FN:139,(anonymous_12)
FN:141,(anonymous_13)
FN:172,(anonymous_14)
FN:216,(anonymous_15)
FN:230,(anonymous_16)
FN:240,(anonymous_17)
FNF:14
FNH:1
FNDA:9,(anonymous_4)
FNDA:0,(anonymous_5)
FNDA:0,(anonymous_6)
FNDA:0,(anonymous_7)
FNDA:0,(anonymous_8)
FNDA:0,(anonymous_9)
FNDA:0,(anonymous_10)
FNDA:0,(anonymous_11)
FNDA:0,(anonymous_12)
FNDA:0,(anonymous_13)
FNDA:0,(anonymous_14)
FNDA:0,(anonymous_15)
FNDA:0,(anonymous_16)
FNDA:0,(anonymous_17)
DA:1,9
DA:2,9
DA:3,9
DA:4,9
DA:5,9
DA:6,9
DA:7,9
DA:28,9
DA:29,9
DA:33,9
DA:34,9
DA:44,0
DA:45,0
DA:46,0
DA:47,0
DA:49,0
DA:57,0
DA:58,0
DA:60,0
DA:61,0
DA:62,0
DA:63,0
DA:67,0
DA:68,0
DA:70,0
DA:71,0
DA:75,0
DA:79,0
DA:82,0
DA:89,0
DA:94,0
DA:103,0
DA:104,0
DA:106,0
DA:107,0
DA:109,0
DA:111,0
DA:123,0
DA:124,0
DA:127,0
DA:129,0
DA:130,0
DA:132,0
DA:134,0
DA:136,0
DA:139,0
DA:140,0
DA:141,0
DA:143,0
DA:146,0
DA:147,0
DA:151,0
DA:153,0
DA:157,0
DA:158,0
DA:161,0
DA:179,0
DA:186,0
DA:188,0
DA:189,0
DA:190,0
DA:194,0
DA:195,0
DA:200,0
DA:201,0
DA:202,0
DA:208,0
DA:209,0
DA:223,0
DA:230,0
DA:250,0
DA:259,0
DA:267,0
DA:269,0
DA:271,0
LF:75
LH:11
BRDA:44,0,0,0
BRDA:44,0,1,0
BRDA:46,1,0,0
BRDA:46,1,1,0
BRDA:70,2,0,0
BRDA:109,3,0,0
BRDA:129,4,0,0
BRDA:129,4,1,0
BRDA:146,5,0,0
BRDA:181,6,0,0
BRDA:181,6,1,0
BRDA:188,7,0,0
BRDA:194,8,0,0
BRDA:200,9,0,0
BRDA:216,10,0,0
BRDA:269,11,0,0
BRDA:269,11,1,0
BRF:17
BRH:0
end_of_record
TN:
SF:src\modules\cache\application\services\cache-warming.service.ts
FN:34,(anonymous_2)
FN:44,(anonymous_3)
FN:87,(anonymous_4)
FN:102,(anonymous_5)
FN:121,(anonymous_6)
FN:149,(anonymous_7)
FN:155,(anonymous_8)
FN:177,(anonymous_9)
FN:211,(anonymous_10)
FN:221,(anonymous_11)
FN:222,(anonymous_12)
FNF:11
FNH:1
FNDA:9,(anonymous_2)
FNDA:0,(anonymous_3)
FNDA:0,(anonymous_4)
FNDA:0,(anonymous_5)
FNDA:0,(anonymous_6)
FNDA:0,(anonymous_7)
FNDA:0,(anonymous_8)
FNDA:0,(anonymous_9)
FNDA:0,(anonymous_10)
FNDA:0,(anonymous_11)
FNDA:0,(anonymous_12)
DA:1,9
DA:2,9
DA:3,9
DA:5,9
DA:25,9
DA:26,9
DA:27,9
DA:28,9
DA:29,9
DA:30,9
DA:31,9
DA:32,9
DA:35,9
DA:36,9
DA:47,0
DA:48,0
DA:51,0
DA:57,0
DA:61,0
DA:63,0
DA:64,0
DA:65,0
DA:72,0
DA:73,0
DA:74,0
DA:75,0
DA:76,0
DA:77,0
DA:81,0
DA:84,0
DA:87,0
DA:88,0
DA:89,0
DA:92,0
DA:109,0
DA:110,0
DA:112,0
DA:113,0
DA:114,0
DA:115,0
DA:118,0
DA:121,0
DA:122,0
DA:125,0
DA:127,0
DA:129,0
DA:135,0
DA:136,0
DA:140,0
DA:141,0
DA:153,0
DA:155,0
DA:158,0
DA:164,0
DA:166,0
DA:167,0
DA:179,0
DA:184,0
DA:185,0
DA:190,0
DA:191,0
DA:192,0
DA:193,0
DA:194,0
DA:197,0
DA:212,0
DA:213,0
DA:214,0
DA:222,0
LF:69
LH:14
BRDA:45,0,0,0
BRDA:47,1,0,0
BRDA:63,2,0,0
BRDA:113,3,0,0
BRDA:135,4,0,0
BRDA:179,5,0,0
BRDA:179,5,1,0
BRDA:185,6,0,0
BRDA:186,7,0,0
BRDA:186,7,1,0
BRDA:186,7,2,0
BRDA:212,8,0,0
BRF:12
BRH:0
end_of_record
TN:
SF:src\modules\cache\application\services\interpretation-cache.service.ts
FN:31,(anonymous_4)
FN:41,(anonymous_5)
FN:48,(anonymous_6)
FN:53,(anonymous_7)
FN:65,(anonymous_8)
FN:83,(anonymous_9)
FN:123,(anonymous_10)
FN:154,(anonymous_11)
FN:172,(anonymous_12)
FN:192,(anonymous_13)
FN:206,(anonymous_14)
FN:224,(anonymous_15)
FN:248,(anonymous_16)
FN:278,(anonymous_17)
FN:295,(anonymous_18)
FN:302,(anonymous_19)
FN:315,(anonymous_20)
FN:341,(anonymous_21)
FN:356,(anonymous_22)
FN:373,(anonymous_23)
FN:392,(anonymous_24)
FNF:21
FNH:6
FNDA:9,(anonymous_4)
FNDA:14,(anonymous_5)
FNDA:28,(anonymous_6)
FNDA:42,(anonymous_7)
FNDA:14,(anonymous_8)
FNDA:14,(anonymous_9)
FNDA:0,(anonymous_10)
FNDA:0,(anonymous_11)
FNDA:0,(anonymous_12)
FNDA:0,(anonymous_13)
FNDA:0,(anonymous_14)
FNDA:0,(anonymous_15)
FNDA:0,(anonymous_16)
FNDA:0,(anonymous_17)
FNDA:0,(anonymous_18)
FNDA:0,(anonymous_19)
FNDA:0,(anonymous_20)
FNDA:0,(anonymous_21)
FNDA:0,(anonymous_22)
FNDA:0,(anonymous_23)
FNDA:0,(anonymous_24)
DA:1,9
DA:2,9
DA:3,9
DA:4,9
DA:6,9
DA:7,9
DA:8,9
DA:19,9
DA:20,9
DA:21,9
DA:22,9
DA:25,9
DA:33,9
DA:35,9
DA:47,14
DA:48,28
DA:52,14
DA:53,42
DA:56,14
DA:59,14
DA:67,14
DA:70,14
DA:75,14
DA:77,14
DA:86,14
DA:87,14
DA:88,0
DA:92,14
DA:96,14
DA:97,14
DA:101,0
DA:102,0
DA:106,0
DA:115,0
DA:117,0
DA:131,0
DA:132,0
DA:134,0
DA:145,0
DA:148,0
DA:155,0
DA:162,0
DA:175,0
DA:177,0
DA:182,0
DA:193,0
DA:200,0
DA:207,0
DA:208,0
DA:210,0
DA:218,0
DA:229,0
DA:230,0
DA:238,0
DA:249,0
DA:254,0
DA:261,0
DA:264,0
DA:265,0
DA:267,0
DA:272,0
DA:282,0
DA:288,0
DA:295,0
DA:296,0
DA:302,0
DA:303,0
DA:307,0
DA:308,0
DA:312,0
DA:315,0
DA:317,0
DA:324,0
DA:327,0
DA:328,0
DA:330,0
DA:335,0
DA:342,0
DA:349,0
DA:356,9
DA:361,0
DA:366,0
DA:373,9
DA:379,0
DA:384,0
DA:397,0
LF:86
LH:31
BRDA:56,0,0,14
BRDA:56,0,1,0
BRDA:87,1,0,0
BRDA:96,2,0,14
BRDA:101,3,0,0
BRDA:136,4,0,0
BRDA:136,4,1,0
BRDA:162,5,0,0
BRDA:162,5,1,0
BRDA:175,6,0,0
BRDA:200,7,0,0
BRDA:200,7,1,0
BRDA:218,8,0,0
BRDA:218,8,1,0
BRDA:239,9,0,0
BRDA:239,9,1,0
BRDA:240,10,0,0
BRDA:240,10,1,0
BRDA:241,11,0,0
BRDA:241,11,1,0
BRDA:261,12,0,0
BRDA:261,12,1,0
BRDA:307,13,0,0
BRDA:324,14,0,0
BRDA:324,14,1,0
BRF:25
BRH:2
end_of_record
TN:
SF:src\modules\cache\infrastructure\controllers\cache-admin.controller.ts
FN:32,(anonymous_4)
FN:45,(anonymous_5)
FN:73,(anonymous_6)
FN:85,(anonymous_7)
FN:112,(anonymous_8)
FN:130,(anonymous_9)
FN:162,(anonymous_10)
FN:176,(anonymous_11)
FN:193,(anonymous_12)
FN:211,(anonymous_13)
FN:229,(anonymous_14)
FN:239,(anonymous_15)
FNF:12
FNH:1
FNDA:9,(anonymous_4)
FNDA:0,(anonymous_5)
FNDA:0,(anonymous_6)
FNDA:0,(anonymous_7)
FNDA:0,(anonymous_8)
FNDA:0,(anonymous_9)
FNDA:0,(anonymous_10)
FNDA:0,(anonymous_11)
FNDA:0,(anonymous_12)
FNDA:0,(anonymous_13)
FNDA:0,(anonymous_14)
FNDA:0,(anonymous_15)
DA:1,9
DA:12,9
DA:19,9
DA:20,9
DA:21,9
DA:22,9
DA:31,9
DA:33,9
DA:34,9
DA:35,9
DA:45,9
DA:54,0
DA:56,0
DA:73,9
DA:81,0
DA:82,0
DA:85,0
DA:86,0
DA:87,0
DA:88,0
DA:90,0
DA:94,0
DA:99,0
DA:112,9
DA:116,0
DA:118,0
DA:130,9
DA:140,0
DA:141,0
DA:143,0
DA:162,9
DA:166,0
DA:176,9
DA:177,0
DA:193,9
DA:196,0
DA:211,9
DA:219,0
DA:229,9
DA:230,0
DA:239,9
DA:240,0
DA:241,0
LF:43
LH:20
BRDA:81,0,0,0
BRDA:87,1,0,0
BRF:2
BRH:0
end_of_record
TN:
SF:src\modules\cache\infrastructure\entities\cache-metrics.entity.ts
FNF:0
FNH:0
DA:1,9
DA:16,9
DA:18,9
DA:22,9
DA:25,9
DA:28,9
DA:31,9
DA:34,9
DA:37,9
DA:40,9
DA:43,9
DA:46,9
DA:49,9
LF:13
LH:13
BRF:0
BRH:0
end_of_record
TN:
SF:src\modules\cache\infrastructure\entities\cached-interpretation.entity.ts
FNF:0
FNH:0
DA:1,9
DA:12,9
DA:14,9
DA:18,9
DA:22,9
DA:25,9
DA:28,9
DA:35,9
DA:38,9
DA:41,9
DA:44,9
DA:47,9
DA:50,9
LF:13
LH:13
BRF:0
BRH:0
end_of_record
TN:
SF:src\modules\cache\infrastructure\repositories\typeorm-cache.repository.ts
FN:9,(anonymous_4)
FN:14,(anonymous_5)
FN:20,(anonymous_6)
FN:24,(anonymous_7)
FN:28,(anonymous_8)
FN:35,(anonymous_9)
FN:42,(anonymous_10)
FN:49,(anonymous_11)
FN:64,(anonymous_12)
FNF:9
FNH:0
FNDA:0,(anonymous_4)
FNDA:0,(anonymous_5)
FNDA:0,(anonymous_6)
FNDA:0,(anonymous_7)
FNDA:0,(anonymous_8)
FNDA:0,(anonymous_9)
FNDA:0,(anonymous_10)
FNDA:0,(anonymous_11)
FNDA:0,(anonymous_12)
DA:1,0
DA:2,0
DA:3,0
DA:5,0
DA:8,0
DA:11,0
DA:15,0
DA:21,0
DA:25,0
DA:29,0
DA:32,0
DA:36,0
DA:39,0
DA:43,0
DA:46,0
DA:55,0
DA:56,0
DA:61,0
DA:64,0
DA:66,0
LF:20
LH:0
BRDA:32,0,0,0
BRDA:32,0,1,0
BRDA:39,1,0,0
BRDA:39,1,1,0
BRDA:46,2,0,0
BRDA:46,2,1,0
BRF:6
BRH:0
end_of_record
TN:
SF:src\modules\categories\categories.controller.ts
FN:29,(anonymous_4)
FN:43,(anonymous_5)
FN:57,(anonymous_6)
FN:69,(anonymous_7)
FN:86,(anonymous_8)
FN:106,(anonymous_9)
FN:121,(anonymous_10)
FN:139,(anonymous_11)
FNF:8
FNH:8
FNDA:9,(anonymous_4)
FNDA:4,(anonymous_5)
FNDA:3,(anonymous_6)
FNDA:3,(anonymous_7)
FNDA:1,(anonymous_8)
FNDA:1,(anonymous_9)
FNDA:2,(anonymous_10)
FNDA:1,(anonymous_11)
DA:1,9
DA:12,9
DA:19,9
DA:20,9
DA:21,9
DA:22,9
DA:23,9
DA:24,9
DA:28,9
DA:29,9
DA:43,9
DA:46,4
DA:57,9
DA:58,3
DA:69,9
DA:70,3
DA:86,9
DA:89,1
DA:106,9
DA:110,1
DA:121,9
DA:122,2
DA:139,9
DA:140,1
LF:24
LH:24
BRF:0
BRH:0
end_of_record
TN:
SF:src\modules\categories\categories.service.ts
FN:14,(anonymous_4)
FN:19,(anonymous_5)
FN:31,(anonymous_6)
FN:39,(anonymous_7)
FN:49,(anonymous_8)
FN:65,(anonymous_9)
FN:88,(anonymous_10)
FN:93,(anonymous_11)
FNF:8
FNH:8
FNDA:9,(anonymous_4)
FNDA:4,(anonymous_5)
FNDA:7,(anonymous_6)
FNDA:3,(anonymous_7)
FNDA:1,(anonymous_8)
FNDA:1,(anonymous_9)
FNDA:2,(anonymous_10)
FNDA:1,(anonymous_11)
DA:1,9
DA:6,9
DA:7,9
DA:8,9
DA:13,9
DA:16,9
DA:20,4
DA:24,4
DA:25,1
DA:28,4
DA:32,7
DA:33,7
DA:34,1
DA:36,6
DA:40,3
DA:43,3
DA:44,1
DA:46,2
DA:51,1
DA:55,1
DA:56,0
DA:61,1
DA:62,1
DA:69,1
DA:72,1
DA:73,0
DA:77,0
DA:78,0
DA:84,1
DA:85,1
DA:89,2
DA:90,2
DA:94,1
DA:95,1
DA:96,1
LF:35
LH:31
BRDA:19,0,0,0
BRDA:24,1,0,1
BRDA:33,2,0,1
BRDA:43,3,0,1
BRDA:55,4,0,0
BRDA:72,5,0,0
BRDA:72,6,0,1
BRDA:72,6,1,0
BRDA:77,7,0,0
BRF:9
BRH:4
end_of_record
TN:
SF:src\modules\categories\dto\create-category.dto.ts
FNF:0
FNH:0
DA:1,9
DA:2,9
DA:13,9
DA:21,9
DA:33,9
DA:42,9
DA:51,9
DA:58,9
DA:69,9
LF:9
LH:9
BRF:0
BRH:0
end_of_record
TN:
SF:src\modules\categories\dto\update-category.dto.ts
FNF:0
FNH:0
DA:1,9
DA:2,9
DA:3,9
DA:4,9
DA:6,9
DA:14,9
LF:6
LH:6
BRF:0
BRH:0
end_of_record
TN:
SF:src\modules\categories\entities\reading-category.entity.ts
FNF:0
FNH:0
DA:1,9
DA:9,9
DA:12,9
DA:15,9
DA:22,9
DA:29,9
DA:36,9
DA:43,9
DA:50,9
DA:57,9
DA:64,9
DA:67,9
DA:70,9
DA:73,9
DA:76,9
LF:15
LH:15
BRF:0
BRH:0
end_of_record
TN:
SF:src\modules\email\email.service.ts
FN:17,(anonymous_2)
FN:25,(anonymous_3)
FN:52,(anonymous_4)
FN:77,(anonymous_5)
FN:111,(anonymous_6)
FN:136,(anonymous_7)
FN:163,(anonymous_8)
FN:191,(anonymous_9)
FN:218,(anonymous_10)
FNF:9
FNH:5
FNDA:9,(anonymous_2)
FNDA:0,(anonymous_3)
FNDA:1,(anonymous_4)
FNDA:0,(anonymous_5)
FNDA:1,(anonymous_6)
FNDA:1,(anonymous_7)
FNDA:1,(anonymous_8)
FNDA:0,(anonymous_9)
FNDA:0,(anonymous_10)
DA:1,9
DA:2,9
DA:3,9
DA:14,9
DA:15,9
DA:18,9
DA:19,9
DA:29,0
DA:30,0
DA:37,0
DA:41,0
DA:45,0
DA:53,1
DA:54,1
DA:64,1
DA:66,0
DA:70,0
DA:82,0
DA:83,0
DA:85,0
DA:96,0
DA:100,0
DA:104,0
DA:115,1
DA:116,1
DA:123,1
DA:125,0
DA:129,0
DA:140,1
DA:141,1
DA:148,1
DA:152,0
DA:156,0
DA:167,1
DA:168,1
DA:176,1
DA:180,0
DA:184,0
DA:195,0
DA:196,0
DA:203,0
DA:207,0
DA:222,0
DA:223,0
DA:230,0
DA:234,0
LF:46
LH:19
BRDA:43,0,0,0
BRDA:43,0,1,0
BRDA:68,1,0,0
BRDA:68,1,1,0
BRDA:83,2,0,0
BRDA:83,2,1,0
BRDA:102,3,0,0
BRDA:102,3,1,0
BRDA:127,4,0,0
BRDA:127,4,1,0
BRDA:154,5,0,0
BRDA:154,5,1,0
BRDA:182,6,0,0
BRDA:182,6,1,0
BRDA:209,7,0,0
BRDA:209,7,1,0
BRDA:236,8,0,0
BRDA:236,8,1,0
BRF:18
BRH:0
end_of_record
TN:
SF:src\modules\email\dto\send-email.dto.ts
FNF:0
FNH:0
DA:1,0
DA:2,0
DA:8,0
DA:12,0
DA:18,0
DA:24,0
LF:6
LH:0
BRF:0
BRH:0
end_of_record
TN:
SF:src\modules\health\ai-health.controller.ts
FN:8,(anonymous_2)
FN:59,(anonymous_3)
FNF:2
FNH:1
FNDA:9,(anonymous_2)
FNDA:0,(anonymous_3)
DA:1,9
DA:2,9
DA:3,9
DA:7,9
DA:8,9
DA:59,9
DA:60,0
LF:7
LH:6
BRF:0
BRH:0
end_of_record
TN:
SF:src\modules\health\ai-health.service.ts
FN:35,(anonymous_4)
FN:44,(anonymous_5)
FN:103,(anonymous_6)
FN:148,(anonymous_7)
FN:202,(anonymous_8)
FN:235,(anonymous_9)
FN:253,(anonymous_10)
FN:274,(anonymous_11)
FN:290,(anonymous_12)
FN:291,(anonymous_13)
FN:292,(anonymous_14)
FN:299,(anonymous_15)
FN:37,(anonymous_16)
FNF:13
FNH:2
FNDA:9,(anonymous_4)
FNDA:0,(anonymous_5)
FNDA:0,(anonymous_6)
FNDA:0,(anonymous_7)
FNDA:0,(anonymous_8)
FNDA:0,(anonymous_9)
FNDA:0,(anonymous_10)
FNDA:0,(anonymous_11)
FNDA:0,(anonymous_12)
FNDA:0,(anonymous_13)
FNDA:0,(anonymous_14)
FNDA:0,(anonymous_15)
FNDA:9,(anonymous_16)
DA:1,9
DA:2,9
DA:3,9
DA:4,9
DA:5,9
DA:29,9
DA:30,9
DA:31,9
DA:32,9
DA:33,9
DA:36,9
DA:37,9
DA:38,9
DA:45,0
DA:46,0
DA:48,0
DA:49,0
DA:57,0
DA:58,0
DA:66,0
DA:67,0
DA:68,0
DA:69,0
DA:71,0
DA:73,0
DA:85,0
DA:86,0
DA:87,0
DA:90,0
DA:104,0
DA:105,0
DA:107,0
DA:108,0
DA:115,0
DA:116,0
DA:117,0
DA:118,0
DA:120,0
DA:122,0
DA:130,0
DA:131,0
DA:132,0
DA:135,0
DA:149,0
DA:150,0
DA:152,0
DA:153,0
DA:160,0
DA:161,0
DA:169,0
DA:170,0
DA:171,0
DA:172,0
DA:174,0
DA:176,0
DA:184,0
DA:185,0
DA:186,0
DA:189,0
DA:203,0
DA:209,0
DA:211,0
DA:212,0
DA:215,0
DA:216,0
DA:220,0
DA:224,0
DA:236,0
DA:238,0
DA:255,0
DA:260,0
DA:275,0
DA:277,0
DA:291,0
DA:292,0
DA:300,0
DA:305,0
DA:306,0
DA:309,0
DA:310,0
DA:313,0
DA:314,0
DA:317,0
DA:318,0
DA:321,0
LF:85
LH:13
BRDA:48,0,0,0
BRDA:57,1,0,0
BRDA:86,2,0,0
BRDA:107,3,0,0
BRDA:131,4,0,0
BRDA:152,5,0,0
BRDA:160,6,0,0
BRDA:185,7,0,0
BRDA:211,8,0,0
BRDA:215,9,0,0
BRDA:220,10,0,0
BRDA:220,10,1,0
BRDA:242,11,0,0
BRDA:242,11,1,0
BRDA:264,12,0,0
BRDA:264,12,1,0
BRDA:280,13,0,0
BRDA:280,13,1,0
BRDA:305,14,0,0
BRDA:309,15,0,0
BRDA:313,16,0,0
BRDA:317,17,0,0
BRDA:317,18,0,0
BRDA:317,18,1,0
BRDA:321,19,0,0
BRDA:321,19,1,0
BRF:26
BRH:0
end_of_record
TN:
SF:src\modules\health\database-health.service.ts
FN:50,(anonymous_4)
FN:61,(anonymous_5)
FN:120,(anonymous_6)
FN:154,(anonymous_7)
FNF:4
FNH:1
FNDA:9,(anonymous_4)
FNDA:0,(anonymous_5)
FNDA:0,(anonymous_6)
FNDA:0,(anonymous_7)
DA:1,9
DA:2,9
DA:3,9
DA:46,9
DA:47,9
DA:48,9
DA:52,9
DA:62,0
DA:64,0
DA:65,0
DA:67,0
DA:68,0
DA:69,0
DA:77,0
DA:78,0
DA:79,0
DA:80,0
DA:81,0
DA:82,0
DA:85,0
DA:89,0
DA:101,0
DA:102,0
DA:105,0
DA:110,0
DA:112,0
DA:113,0
DA:121,0
DA:122,0
DA:123,0
DA:129,0
DA:131,0
DA:137,0
DA:138,0
DA:141,0
DA:143,0
DA:144,0
DA:155,0
LF:38
LH:7
BRDA:67,0,0,0
BRDA:77,1,0,0
BRDA:77,1,1,0
BRDA:78,2,0,0
BRDA:78,2,1,0
BRDA:80,3,0,0
BRDA:80,3,1,0
BRDA:81,4,0,0
BRDA:81,4,1,0
BRDA:82,5,0,0
BRDA:82,5,1,0
BRDA:85,6,0,0
BRDA:85,6,1,0
BRDA:101,7,0,0
BRDA:122,8,0,0
BRDA:137,9,0,0
BRDA:146,10,0,0
BRDA:146,10,1,0
BRF:18
BRH:0
end_of_record
TN:
SF:src\modules\health\health.controller.ts
FN:22,(anonymous_2)
FN:36,(anonymous_3)
FN:67,(anonymous_4)
FN:70,(anonymous_5)
FN:74,(anonymous_6)
FN:75,(anonymous_7)
FN:78,(anonymous_8)
FN:85,(anonymous_9)
FN:93,(anonymous_10)
FN:123,(anonymous_11)
FN:126,(anonymous_12)
FN:130,(anonymous_13)
FN:136,(anonymous_14)
FN:160,(anonymous_15)
FN:179,(anonymous_16)
FN:182,(anonymous_17)
FN:186,(anonymous_18)
FN:187,(anonymous_19)
FN:190,(anonymous_20)
FN:197,(anonymous_21)
FN:203,(anonymous_22)
FN:269,(anonymous_23)
FNF:22
FNH:1
FNDA:9,(anonymous_2)
FNDA:0,(anonymous_3)
FNDA:0,(anonymous_4)
FNDA:0,(anonymous_5)
FNDA:0,(anonymous_6)
FNDA:0,(anonymous_7)
FNDA:0,(anonymous_8)
FNDA:0,(anonymous_9)
FNDA:0,(anonymous_10)
FNDA:0,(anonymous_11)
FNDA:0,(anonymous_12)
FNDA:0,(anonymous_13)
FNDA:0,(anonymous_14)
FNDA:0,(anonymous_15)
FNDA:0,(anonymous_16)
FNDA:0,(anonymous_17)
FNDA:0,(anonymous_18)
FNDA:0,(anonymous_19)
FNDA:0,(anonymous_20)
FNDA:0,(anonymous_21)
FNDA:0,(anonymous_22)
FNDA:0,(anonymous_23)
DA:1,9
DA:2,9
DA:3,9
DA:11,9
DA:12,9
DA:16,9
DA:18,9
DA:19,9
DA:20,9
DA:23,9
DA:24,9
DA:25,9
DA:26,9
DA:27,9
DA:28,9
DA:37,0
DA:40,0
DA:41,0
DA:42,0
DA:44,0
DA:67,9
DA:68,0
DA:71,0
DA:74,0
DA:75,0
DA:79,0
DA:86,0
DA:90,0
DA:92,0
DA:93,0
DA:95,0
DA:123,9
DA:124,0
DA:127,0
DA:131,0
DA:133,0
DA:135,0
DA:136,0
DA:138,0
DA:160,9
DA:162,0
DA:179,9
DA:180,0
DA:183,0
DA:186,0
DA:187,0
DA:191,0
DA:198,0
DA:200,0
DA:202,0
DA:203,0
DA:205,0
DA:269,9
DA:270,0
LF:54
LH:20
BRDA:37,0,0,0
BRDA:42,1,0,0
BRDA:42,1,1,0
BRDA:90,2,0,0
BRDA:90,2,1,0
BRDA:92,3,0,0
BRDA:92,3,1,0
BRDA:98,4,0,0
BRDA:98,4,1,0
BRDA:133,5,0,0
BRDA:133,5,1,0
BRDA:135,6,0,0
BRDA:135,6,1,0
BRDA:141,7,0,0
BRDA:141,7,1,0
BRDA:200,8,0,0
BRDA:200,8,1,0
BRDA:202,9,0,0
BRDA:202,9,1,0
BRDA:207,10,0,0
BRDA:207,10,1,0
BRF:21
BRH:0
end_of_record
TN:
SF:src\modules\plan-config\plan-config.controller.ts
FN:33,(anonymous_4)
FN:42,(anonymous_5)
FN:57,(anonymous_6)
FN:74,(anonymous_7)
FN:89,(anonymous_8)
FN:107,(anonymous_9)
FNF:6
FNH:1
FNDA:9,(anonymous_4)
FNDA:0,(anonymous_5)
FNDA:0,(anonymous_6)
FNDA:0,(anonymous_7)
FNDA:0,(anonymous_8)
FNDA:0,(anonymous_9)
DA:1,9
DA:14,9
DA:20,9
DA:21,9
DA:22,9
DA:23,9
DA:24,9
DA:25,9
DA:26,9
DA:32,9
DA:33,9
DA:42,9
DA:43,0
DA:57,9
DA:60,0
DA:74,9
DA:75,0
DA:89,9
DA:93,0
DA:107,9
DA:110,0
LF:21
LH:16
BRF:0
BRH:0
end_of_record
TN:
SF:src\modules\plan-config\plan-config.service.ts
FN:15,(anonymous_4)
FN:23,(anonymous_5)
FN:34,(anonymous_6)
FN:51,(anonymous_7)
FN:73,(anonymous_8)
FN:93,(anonymous_9)
FN:103,(anonymous_10)
FN:113,(anonymous_11)
FN:124,(anonymous_12)
FNF:9
FNH:5
FNDA:9,(anonymous_4)
FNDA:0,(anonymous_5)
FNDA:70,(anonymous_6)
FNDA:0,(anonymous_7)
FNDA:0,(anonymous_8)
FNDA:0,(anonymous_9)
FNDA:38,(anonymous_10)
FNDA:5,(anonymous_11)
FNDA:7,(anonymous_12)
DA:1,9
DA:6,9
DA:7,9
DA:8,9
DA:14,9
DA:17,9
DA:24,0
DA:35,70
DA:39,66
DA:40,0
DA:43,66
DA:53,0
DA:57,0
DA:58,0
DA:63,0
DA:64,0
DA:77,0
DA:81,0
DA:83,0
DA:85,0
DA:94,0
DA:95,0
DA:104,38
DA:105,37
DA:114,5
DA:115,4
DA:128,7
DA:129,6
LF:28
LH:15
BRDA:39,0,0,0
BRDA:57,1,0,0
BRF:2
BRH:0
end_of_record
TN:
SF:src\modules\plan-config\dto\create-plan.dto.ts
FNF:0
FNH:0
DA:1,9
DA:2,9
DA:12,9
DA:14,9
DA:22,9
DA:32,9
DA:41,9
DA:50,9
DA:59,9
DA:68,9
DA:78,9
DA:88,9
DA:98,9
DA:108,9
LF:14
LH:14
BRF:0
BRH:0
end_of_record
TN:
SF:src\modules\plan-config\dto\update-plan.dto.ts
FNF:0
FNH:0
DA:1,9
DA:2,9
DA:4,9
LF:3
LH:3
BRF:0
BRH:0
end_of_record
TN:
SF:src\modules\plan-config\entities\plan.entity.ts
FN:117,(anonymous_2)
FN:127,(anonymous_3)
FN:145,(anonymous_4)
FNF:3
FNH:1
FNDA:0,(anonymous_2)
FNDA:6,(anonymous_3)
FNDA:0,(anonymous_4)
DA:1,9
DA:8,9
DA:9,9
DA:16,9
DA:22,9
DA:34,9
DA:41,9
DA:48,9
DA:55,9
DA:62,9
DA:69,9
DA:76,9
DA:83,9
DA:90,9
DA:97,9
DA:104,9
DA:111,9
DA:118,0
DA:130,6
DA:135,6
DA:136,0
DA:138,6
DA:146,0
LF:23
LH:20
BRDA:135,0,0,0
BRDA:146,1,0,0
BRDA:146,1,1,0
BRF:3
BRH:0
end_of_record
TN:
SF:src\modules\predefined-questions\predefined-questions.controller.ts
FN:29,(anonymous_4)
FN:49,(anonymous_5)
FN:72,(anonymous_6)
FN:91,(anonymous_7)
FN:115,(anonymous_8)
FN:145,(anonymous_9)
FNF:6
FNH:2
FNDA:9,(anonymous_4)
FNDA:1,(anonymous_5)
FNDA:0,(anonymous_6)
FNDA:0,(anonymous_7)
FNDA:0,(anonymous_8)
FNDA:0,(anonymous_9)
DA:1,9
DA:13,9
DA:20,9
DA:21,9
DA:22,9
DA:23,9
DA:24,9
DA:28,9
DA:30,9
DA:49,9
DA:53,1
DA:54,1
DA:56,0
DA:72,9
DA:73,0
DA:91,9
DA:92,0
DA:115,9
DA:119,0
DA:145,9
DA:146,0
LF:21
LH:16
BRDA:53,0,0,1
BRF:1
BRH:1
end_of_record
TN:
SF:src\modules\predefined-questions\predefined-questions.service.ts
FN:10,(anonymous_4)
FN:15,(anonymous_5)
FN:21,(anonymous_6)
FN:28,(anonymous_7)
FN:42,(anonymous_8)
FN:51,(anonymous_9)
FN:60,(anonymous_10)
FN:65,(anonymous_11)
FNF:8
FNH:2
FNDA:9,(anonymous_4)
FNDA:0,(anonymous_5)
FNDA:1,(anonymous_6)
FNDA:0,(anonymous_7)
FNDA:0,(anonymous_8)
FNDA:0,(anonymous_9)
FNDA:0,(anonymous_10)
FNDA:0,(anonymous_11)
DA:1,9
DA:2,9
DA:3,9
DA:4,9
DA:9,9
DA:12,9
DA:16,0
DA:22,1
[...]
DA:168,0
DA:169,0
DA:172,0
DA:173,0
DA:175,0
DA:176,0
DA:178,0
DA:179,0
DA:182,0
DA:183,0
DA:188,0
DA:189,0
DA:196,0
DA:198,0
DA:199,0
DA:200,0
DA:201,0
DA:202,0
DA:204,0
DA:213,0
DA:214,0
DA:216,0
DA:223,0
DA:224,0
DA:225,0
DA:236,0
DA:238,0
DA:239,0
DA:240,0
DA:242,0
DA:249,0
DA:251,0
DA:253,0
DA:254,0
DA:255,0
DA:256,0
DA:259,0
DA:260,0
DA:261,0
DA:262,0
DA:263,0
DA:266,0
DA:267,0
DA:268,0
DA:269,0
DA:273,0
DA:274,0
DA:275,0
DA:284,0
DA:287,0
DA:292,0
DA:296,0
DA:300,0
DA:304,0
LF:104
LH:10
BRDA:35,0,0,0
BRDA:39,1,0,0
BRDA:61,2,0,0
BRDA:70,3,0,0
BRDA:70,3,1,0
BRDA:102,4,0,0
BRDA:102,4,1,0
BRDA:104,5,0,0
BRDA:104,5,1,0
BRDA:178,6,0,0
BRDA:188,7,0,0
BRDA:188,7,1,0
BRDA:213,8,0,0
BRDA:213,9,0,0
BRDA:213,9,1,0
BRDA:213,9,2,0
BRDA:224,10,0,0
BRDA:224,10,1,0
BRDA:238,11,0,0
BRDA:239,12,0,0
BRDA:239,13,0,0
BRDA:239,13,1,0
BRDA:251,14,0,0
BRDA:251,14,1,0
BRDA:251,14,2,0
BRDA:251,14,3,0
BRDA:251,14,4,0
BRF:27
BRH:0
end_of_record
TN:
SF:src\modules\tarotistas\infrastructure\repositories\typeorm-tarotista.repository.ts
FN:23,(anonymous_4)
FN:36,(anonymous_5)
FN:80,(anonymous_6)
FN:87,(anonymous_7)
FN:94,(anonymous_8)
FN:102,(anonymous_9)
FN:107,(anonymous_10)
FN:117,(anonymous_11)
FN:126,(anonymous_12)
FN:134,(anonymous_13)
FN:139,(anonymous_14)
FN:168,(anonymous_15)
FN:177,(anonymous_16)
FN:186,(anonymous_17)
FN:203,(anonymous_18)
FN:221,(anonymous_19)
FN:228,(anonymous_20)
FN:235,(anonymous_21)
FN:244,(anonymous_22)
FN:252,(anonymous_23)
FN:274,(anonymous_24)
FN:330,(anonymous_25)
FN:341,(anonymous_26)
FN:354,(anonymous_27)
FNF:24
FNH:1
FNDA:9,(anonymous_4)
FNDA:0,(anonymous_5)
FNDA:0,(anonymous_6)
FNDA:0,(anonymous_7)
FNDA:0,(anonymous_8)
FNDA:0,(anonymous_9)
FNDA:0,(anonymous_10)
FNDA:0,(anonymous_11)
FNDA:0,(anonymous_12)
FNDA:0,(anonymous_13)
FNDA:0,(anonymous_14)
FNDA:0,(anonymous_15)
FNDA:0,(anonymous_16)
FNDA:0,(anonymous_17)
FNDA:0,(anonymous_18)
FNDA:0,(anonymous_19)
FNDA:0,(anonymous_20)
FNDA:0,(anonymous_21)
FNDA:0,(anonymous_22)
FNDA:0,(anonymous_23)
FNDA:0,(anonymous_24)
FNDA:0,(anonymous_25)
FNDA:0,(anonymous_26)
FNDA:0,(anonymous_27)
DA:1,9
DA:2,9
DA:3,9
DA:9,9
DA:10,9
DA:11,9
DA:12,9
DA:22,9
DA:25,9
DA:27,9
DA:29,9
DA:31,9
DA:49,0
DA:51,0
DA:52,0
DA:54,0
DA:55,0
DA:56,0
DA:59,0
DA:60,0
DA:63,0
DA:64,0
DA:65,0
DA:67,0
DA:77,0
DA:81,0
DA:88,0
DA:97,0
DA:103,0
DA:104,0
DA:108,0
DA:109,0
DA:110,0
DA:113,0
DA:114,0
DA:118,0
DA:119,0
DA:120,0
DA:129,0
DA:135,0
DA:136,0
DA:143,0
DA:145,0
DA:147,0
DA:157,0
DA:159,0
DA:160,0
DA:163,0
DA:172,0
DA:180,0
DA:189,0
DA:194,0
DA:195,0
DA:196,0
DA:199,0
DA:200,0
DA:207,0
DA:212,0
DA:213,0
DA:224,0
DA:225,0
DA:229,0
DA:238,0
DA:245,0
DA:258,0
DA:260,0
DA:261,0
DA:264,0
DA:265,0
DA:266,0
DA:267,0
DA:269,0
DA:281,0
DA:282,0
DA:283,0
DA:284,0
DA:285,0
DA:286,0
DA:288,0
DA:290,0
DA:293,0
DA:296,0
DA:298,0
DA:299,0
DA:306,0
DA:307,0
DA:313,0
DA:314,0
DA:317,0
DA:319,0
DA:321,0
DA:331,0
DA:333,0
DA:338,0
DA:342,0
DA:349,0
DA:355,0
LF:97
LH:12
BRDA:41,0,0,0
BRDA:42,1,0,0
BRDA:45,2,0,0
BRDA:46,3,0,0
BRDA:47,4,0,0
BRDA:48,5,0,0
BRDA:49,6,0,0
BRDA:49,6,1,0
BRDA:54,7,0,0
BRDA:59,8,0,0
BRDA:64,9,0,0
BRDA:65,10,0,0
BRDA:74,11,0,0
BRDA:74,11,1,0
BRDA:109,12,0,0
BRDA:119,13,0,0
BRDA:119,14,0,0
BRDA:119,14,1,0
BRDA:145,15,0,0
BRDA:145,15,1,0
BRDA:150,16,0,0
BRDA:150,16,1,0
BRDA:152,17,0,0
BRDA:152,17,1,0
BRDA:153,18,0,0
BRDA:153,18,1,0
BRDA:154,19,0,0
BRDA:154,19,1,0
BRDA:155,20,0,0
BRDA:155,20,1,0
BRDA:194,21,0,0
BRDA:212,22,0,0
BRDA:212,23,0,0
BRDA:212,23,1,0
BRDA:260,24,0,0
BRDA:265,25,0,0
BRDA:266,26,0,0
BRDA:281,27,0,0
BRDA:281,27,1,0
BRDA:282,28,0,0
BRDA:282,28,1,0
BRDA:285,29,0,0
BRDA:285,29,1,0
BRDA:286,30,0,0
BRDA:286,30,1,0
BRDA:296,31,0,0
BRDA:306,32,0,0
BRDA:349,33,0,0
BRDA:349,33,1,0
BRF:49
BRH:0
end_of_record
TN:
SF:src\modules\tarotistas\services\revenue-calculation.service.ts
FN:15,(anonymous_4)
FN:27,(anonymous_5)
FN:59,(anonymous_6)
FN:109,(anonymous_7)
FN:130,(anonymous_8)
FN:137,(anonymous_9)
FNF:6
FNH:5
FNDA:9,(anonymous_4)
FNDA:76,(anonymous_5)
FNDA:38,(anonymous_6)
FNDA:0,(anonymous_7)
FNDA:152,(anonymous_8)
FNDA:38,(anonymous_9)
DA:1,9
DA:2,9
DA:3,9
DA:4,9
DA:5,9
DA:6,9
DA:14,9
DA:17,9
DA:19,9
DA:21,9
DA:30,76
DA:34,76
DA:35,0
DA:40,76
DA:41,76
DA:44,76
DA:48,76
DA:63,38
DA:67,38
DA:68,0
DA:73,38
DA:77,38
DA:78,0
DA:82,38
DA:85,38
DA:86,38
DA:89,38
DA:103,38
DA:116,0
DA:124,0
DA:131,152
DA:138,38
DA:139,38
DA:141,38
DA:142,38
DA:144,38
LF:36
LH:31
BRDA:34,0,0,0
BRDA:67,1,0,0
BRDA:77,2,0,0
BRDA:92,3,0,38
BRDA:92,3,1,0
BRF:5
BRH:1
end_of_record
TN:
SF:src\modules\usage-limits\usage-limits.constants.ts
FNF:0
FNH:0
DA:1,9
DA:2,9
DA:9,9
DA:35,9
LF:4
LH:4
BRF:0
BRH:0
end_of_record
TN:
SF:src\modules\usage-limits\usage-limits.service.ts
FN:15,(anonymous_4)
FN:22,(anonymous_5)
FN:63,(anonymous_6)
FN:93,(anonymous_7)
FN:115,(anonymous_8)
FN:159,(anonymous_9)
FNF:6
FNH:4
FNDA:9,(anonymous_4)
FNDA:33,(anonymous_5)
FNDA:31,(anonymous_6)
FNDA:31,(anonymous_7)
FNDA:0,(anonymous_8)
FNDA:0,(anonymous_9)
DA:1,9
DA:6,9
DA:7,9
DA:8,9
DA:9,9
DA:10,9
DA:11,9
DA:14,9
DA:17,9
DA:18,9
DA:19,9
DA:23,33
DA:24,33
DA:25,0
DA:30,33
DA:31,33
DA:35,0
DA:36,0
DA:37,0
DA:44,33
DA:45,24
DA:48,9
DA:49,9
DA:51,9
DA:59,9
DA:60,9
DA:67,31
DA:68,31
DA:72,31
DA:73,31
DA:90,31
DA:93,31
DA:100,31
DA:108,31
DA:109,0
DA:112,31
DA:119,0
DA:120,0
DA:121,0
DA:126,0
DA:127,0
DA:131,0
DA:132,0
DA:133,0
DA:140,0
DA:141,0
DA:144,0
DA:145,0
DA:147,0
DA:155,0
DA:156,0
DA:160,0
DA:161,0
DA:162,0
DA:164,0
DA:170,0
LF:56
LH:31
BRDA:24,0,0,0
BRDA:30,1,0,33
BRDA:30,1,1,0
BRDA:36,2,0,0
BRDA:44,3,0,24
BRDA:59,4,0,9
BRDA:59,4,1,2
BRDA:108,5,0,0
BRDA:120,6,0,0
BRDA:126,7,0,0
BRDA:126,7,1,0
BRDA:132,8,0,0
BRDA:140,9,0,0
BRDA:155,10,0,0
BRDA:155,10,1,0
BRDA:170,11,0,0
BRDA:170,11,1,0
BRF:17
BRH:4
end_of_record
TN:
SF:src\modules\usage-limits\decorators\check-usage-limit.decorator.ts
FN:16,(anonymous_0)
FNF:1
FNH:1
FNDA:18,(anonymous_0)
DA:1,9
DA:4,9
DA:16,9
DA:17,18
LF:4
LH:4
BRF:0
BRH:0
end_of_record
TN:
SF:src\modules\usage-limits\entities\usage-limit.entity.ts
FN:12,(anonymous_2)
FN:34,(anonymous_3)
FNF:2
FNH:2
FNDA:9,(anonymous_2)
FNDA:9,(anonymous_3)
DA:1,9
DA:9,9
DA:10,9
DA:12,9
DA:13,9
DA:14,9
DA:15,9
DA:22,9
DA:25,9
DA:32,9
DA:34,9
DA:36,9
DA:44,9
DA:55,9
DA:62,9
DA:69,9
DA:76,9
LF:17
LH:17
BRDA:12,0,0,9
BRDA:12,0,1,9
BRF:2
BRH:2
end_of_record
TN:
SF:src\modules\usage-limits\guards\check-usage-limit.guard.ts
FN:14,(anonymous_2)
FN:19,(anonymous_3)
FNF:2
FNH:2
FNDA:18,(anonymous_2)
FNDA:33,(anonymous_3)
DA:1,9
DA:7,9
DA:8,9
DA:10,9
DA:13,9
DA:15,18
DA:16,18
DA:21,33
DA:27,33
DA:28,0
DA:32,33
DA:35,33
DA:37,33
DA:38,0
DA:42,33
DA:44,33
DA:45,2
DA:50,31
LF:18
LH:16
BRDA:27,0,0,0
BRDA:37,1,0,0
BRDA:44,2,0,2
BRF:3
BRH:1
end_of_record
TN:
SF:src\modules\usage-limits\interceptors\increment-usage.interceptor.ts
FN:19,(anonymous_2)
FN:24,(anonymous_3)
FN:50,(anonymous_4)
FN:54,(anonymous_5)
FNF:4
FNH:3
FNDA:18,(anonymous_2)
FNDA:31,(anonymous_3)
FNDA:31,(anonymous_4)
FNDA:0,(anonymous_5)
DA:1,9
DA:8,9
DA:10,9
DA:11,9
DA:13,9
DA:16,9
DA:17,18
DA:20,18
DA:21,18
DA:26,31
DA:32,31
DA:33,0
DA:37,31
DA:40,31
DA:42,31
DA:44,0
DA:48,31
DA:52,31
DA:56,0
LF:19
LH:16
BRDA:32,0,0,0
BRDA:42,1,0,0
BRDA:58,2,0,0
BRDA:58,2,1,0
BRF:4
BRH:0
end_of_record
TN:
SF:src\modules\users\users.service.ts
FN:25,(anonymous_4)
FN:34,(anonymous_5)
FN:71,(anonymous_6)
FN:74,(anonymous_7)
FN:81,(anonymous_8)
FN:88,(anonymous_9)
FN:92,(anonymous_10)
FN:128,(anonymous_11)
FN:138,(anonymous_12)
FN:188,(anonymous_13)
FN:218,(anonymous_14)
FN:250,(anonymous_15)
FN:294,(anonymous_16)
FN:319,(anonymous_17)
FN:343,(anonymous_18)
FN:404,(anonymous_19)
FN:428,(anonymous_20)
FN:440,(anonymous_21)
FN:455,(anonymous_22)
FNF:19
FNH:14
FNDA:9,(anonymous_4)
FNDA:122,(anonymous_5)
FNDA:0,(anonymous_6)
FNDA:0,(anonymous_7)
FNDA:15,(anonymous_8)
FNDA:316,(anonymous_9)
FNDA:79,(anonymous_10)
FNDA:0,(anonymous_11)
FNDA:21,(anonymous_12)
FNDA:5,(anonymous_13)
FNDA:1,(anonymous_14)
FNDA:3,(anonymous_15)
FNDA:4,(anonymous_16)
FNDA:1,(anonymous_17)
FNDA:1,(anonymous_18)
FNDA:10,(anonymous_19)
FNDA:0,(anonymous_20)
FNDA:1,(anonymous_21)
FNDA:0,(anonymous_22)
DA:1,9
DA:9,9
DA:10,9
DA:11,9
DA:12,9
DA:17,9
DA:21,9
DA:24,9
DA:27,9
DA:29,9
DA:31,9
DA:35,122
DA:38,122
DA:41,122
DA:44,122
DA:45,1
DA:49,121
DA:50,121
DA:53,121
DA:59,121
DA:60,121
DA:64,121
DA:65,121
DA:67,0
DA:72,0
DA:74,0
DA:76,0
DA:77,0
DA:83,15
DA:89,316
DA:96,79
DA:97,79
DA:98,0
DA:102,79
DA:103,0
DA:104,0
DA:105,0
DA:110,79
DA:111,3
DA:112,3
DA:116,79
DA:118,79
DA:119,79
DA:121,79
DA:122,79
DA:124,0
DA:129,0
DA:142,21
DA:143,21
DA:144,0
DA:148,21
DA:150,21
DA:151,0
DA:154,21
DA:155,0
DA:158,21
DA:159,0
DA:162,21
DA:163,0
DA:166,21
DA:167,21
DA:170,21
DA:174,21
DA:175,21
DA:177,0
DA:189,5
DA:190,5
DA:191,0
DA:194,5
DA:195,1
DA:198,4
DA:200,4
DA:201,4
DA:204,4
DA:205,4
DA:207,0
DA:219,1
DA:220,1
DA:221,0
DA:224,1
DA:225,0
DA:228,1
DA:229,1
DA:231,1
DA:232,1
DA:235,1
DA:236,1
DA:238,0
DA:254,3
DA:255,3
DA:256,0
DA:260,3
DA:261,0
DA:264,3
DA:265,3
DA:266,1
DA:269,2
DA:272,2
DA:273,0
DA:276,2
DA:277,2
DA:280,2
DA:281,2
DA:283,0
DA:295,4
DA:296,4
DA:297,0
DA:300,4
DA:302,4
DA:303,4
DA:306,4
DA:307,4
DA:309,0
DA:320,1
DA:321,1
DA:322,0
DA:325,1
DA:327,1
DA:328,1
DA:331,1
DA:332,1
DA:334,0
DA:353,1
DA:355,1
DA:358,1
DA:359,0
DA:366,1
DA:367,0
DA:373,1
DA:374,0
DA:378,1
DA:379,0
DA:380,0
DA:382,0
DA:387,1
DA:394,1
DA:395,1
DA:398,1
DA:399,1
DA:401,1
DA:404,1
DA:406,10
DA:407,10
DA:410,1
DA:412,1
DA:429,0
DA:441,1
DA:446,1
DA:447,0
DA:451,1
DA:453,1
DA:455,0
DA:463,1
DA:466,1
DA:468,1
LF:155
LH:116
BRDA:44,0,0,1
BRDA:97,1,0,0
BRDA:102,2,0,0
BRDA:102,3,0,79
BRDA:102,3,1,0
BRDA:104,4,0,0
BRDA:110,5,0,3
BRDA:143,6,0,0
BRDA:150,7,0,0
BRDA:154,8,0,0
BRDA:158,9,0,0
BRDA:162,10,0,0
BRDA:190,11,0,0
BRDA:194,12,0,1
BRDA:220,13,0,0
BRDA:224,14,0,0
BRDA:255,15,0,0
BRDA:260,16,0,0
BRDA:265,17,0,1
BRDA:272,18,0,0
BRDA:296,19,0,0
BRDA:321,20,0,0
BRDA:349,21,0,1
BRDA:350,22,0,1
BRDA:351,23,0,0
BRDA:352,24,0,0
BRDA:358,25,0,0
BRDA:366,26,0,0
BRDA:373,27,0,0
BRDA:378,28,0,0
BRDA:379,29,0,0
BRDA:379,29,1,0
BRDA:394,30,0,1
BRDA:394,30,1,0
BRDA:446,31,0,0
BRDA:451,32,0,1
BRDA:451,32,1,1
BRDA:453,33,0,0
BRDA:453,33,1,1
BRDA:453,34,0,1
BRDA:453,34,1,1
BRDA:472,35,0,1
BRDA:472,35,1,1
BRF:43
BRH:15
end_of_record
TN:
SF:src\modules\users\application\dto\ban-user.dto.ts
FN:20,(anonymous_2)
FNF:1
FNH:1
FNDA:2,(anonymous_2)
DA:1,9
DA:2,9
DA:3,9
DA:5,9
DA:21,2
DA:23,9
LF:6
LH:6
BRDA:21,0,0,2
BRDA:21,0,1,0
BRF:2
BRH:1
end_of_record
TN:
SF:src\modules\users\application\dto\create-user.dto.ts
FNF:0
FNH:0
DA:1,9
DA:8,9
DA:9,9
DA:15,9
DA:22,9
DA:32,9
DA:42,9
LF:7
LH:7
BRF:0
BRH:0
end_of_record
TN:
SF:src\modules\users\application\dto\update-user-plan.dto.ts
FN:22,(anonymous_2)
FN:32,(anonymous_3)
FNF:2
FNH:0
FNDA:0,(anonymous_2)
FNDA:0,(anonymous_3)
DA:1,9
DA:2,9
DA:3,9
DA:4,9
DA:6,9
DA:13,9
DA:22,0
DA:23,9
DA:32,0
DA:33,9
DA:43,9
DA:52,9
LF:12
LH:10
BRF:0
BRH:0
end_of_record
TN:
SF:src\modules\users\application\dto\update-user.dto.ts
FN:55,(anonymous_2)
FNF:1
FNH:0
FNDA:0,(anonymous_2)
DA:1,9
DA:8,9
DA:9,9
DA:11,9
DA:19,9
DA:28,9
DA:38,9
DA:47,9
DA:55,0
DA:57,9
LF:10
LH:9
BRF:0
BRH:0
end_of_record
TN:
SF:src\modules\users\application\dto\user-detail.dto.ts
FNF:0
FNH:0
DA:1,0
DA:4,0
DA:9,0
DA:16,0
DA:22,0
DA:25,0
DA:29,0
DA:35,0
LF:8
LH:0
BRF:0
BRH:0
end_of_record
TN:
SF:src\modules\users\application\dto\user-list-response.dto.ts
FNF:0
FNH:0
DA:1,0
DA:4,0
DA:9,0
DA:15,0
DA:21,0
DA:27,0
DA:30,0
DA:35,0
DA:41,0
LF:9
LH:0
BRF:0
BRH:0
end_of_record
TN:
SF:src\modules\users\application\dto\user-query.dto.ts
FN:44,(anonymous_2)
FN:72,(anonymous_3)
FN:85,(anonymous_4)
FNF:3
FNH:2
FNDA:0,(anonymous_2)
FNDA:1,(anonymous_3)
FNDA:1,(anonymous_4)
DA:1,9
DA:2,9
DA:11,9
DA:12,9
DA:14,9
DA:21,9
DA:29,9
DA:37,9
DA:44,0
DA:45,9
DA:54,9
DA:63,9
DA:72,1
DA:75,9
DA:85,1
DA:89,9
LF:16
LH:15
BRF:0
BRH:0
end_of_record
TN:
SF:src\modules\users\application\services\users-orchestrator.service.ts
FN:32,(anonymous_4)
FN:47,(anonymous_5)
FN:51,(anonymous_6)
FN:55,(anonymous_7)
FN:59,(anonymous_8)
FN:63,(anonymous_9)
FN:70,(anonymous_10)
FN:76,(anonymous_11)
FN:85,(anonymous_12)
FN:89,(anonymous_13)
FN:93,(anonymous_14)
FN:102,(anonymous_15)
FN:106,(anonymous_16)
FN:112,(anonymous_17)
FN:116,(anonymous_18)
FN:120,(anonymous_19)
FNF:16
FNH:1
FNDA:9,(anonymous_4)
FNDA:0,(anonymous_5)
FNDA:0,(anonymous_6)
FNDA:0,(anonymous_7)
FNDA:0,(anonymous_8)
FNDA:0,(anonymous_9)
FNDA:0,(anonymous_10)
FNDA:0,(anonymous_11)
FNDA:0,(anonymous_12)
FNDA:0,(anonymous_13)
FNDA:0,(anonymous_14)
FNDA:0,(anonymous_15)
FNDA:0,(anonymous_16)
FNDA:0,(anonymous_17)
FNDA:0,(anonymous_18)
FNDA:0,(anonymous_19)
DA:1,9
DA:3,9
DA:4,9
DA:5,9
DA:6,9
DA:7,9
DA:8,9
DA:11,9
DA:31,9
DA:33,9
DA:34,9
DA:35,9
DA:36,9
DA:37,9
DA:38,9
DA:40,9
DA:42,9
DA:48,0
DA:52,0
DA:56,0
DA:60,0
DA:67,0
DA:71,0
DA:80,0
DA:86,0
DA:90,0
DA:97,0
DA:103,0
DA:107,0
DA:113,0
DA:117,0
DA:121,0
LF:32
LH:17
BRF:0
BRH:0
end_of_record
TN:
SF:src\modules\users\application\use-cases\create-user.use-case.ts
FN:18,(anonymous_4)
FN:23,(anonymous_5)
FNF:2
FNH:1
FNDA:9,(anonymous_4)
FNDA:0,(anonymous_5)
DA:1,9
DA:7,9
DA:9,9
DA:17,9
DA:20,9
DA:24,0
DA:27,0
DA:30,0
DA:31,0
DA:32,0
DA:36,0
DA:37,0
DA:39,0
DA:40,0
DA:46,0
LF:15
LH:5
BRDA:31,0,0,0
BRF:1
BRH:0
end_of_record
TN:
SF:src\modules\users\application\use-cases\get-user-detail.use-case.ts
FN:13,(anonymous_4)
FN:18,(anonymous_5)
FN:30,(anonymous_6)
FNF:3
FNH:1
FNDA:9,(anonymous_4)
FNDA:0,(anonymous_5)
FNDA:0,(anonymous_6)
DA:1,9
DA:3,9
DA:12,9
DA:15,9
DA:19,0
DA:21,0
DA:22,0
DA:26,0
DA:28,0
DA:30,0
DA:36,0
DA:39,0
DA:41,0
LF:13
LH:4
BRDA:21,0,0,0
BRDA:26,1,0,0
BRDA:26,1,1,0
BRDA:28,2,0,0
BRDA:28,2,1,0
BRDA:28,3,0,0
BRDA:28,3,1,0
BRDA:45,4,0,0
BRDA:45,4,1,0
BRF:9
BRH:0
end_of_record
TN:
SF:src\modules\users\application\use-cases\manage-user-ban.use-case.ts
FN:16,(anonymous_4)
FN:24,(anonymous_5)
FN:42,(anonymous_6)
FNF:3
FNH:1
FNDA:9,(anonymous_4)
FNDA:0,(anonymous_5)
FNDA:0,(anonymous_6)
DA:1,9
DA:8,9
DA:15,9
DA:18,9
DA:25,0
DA:26,0
DA:27,0
DA:30,0
DA:32,0
DA:33,0
DA:35,0
DA:43,0
DA:44,0
DA:45,0
DA:48,0
DA:50,0
DA:51,0
DA:53,0
LF:18
LH:4
BRDA:26,0,0,0
BRDA:44,1,0,0
BRF:2
BRH:0
end_of_record
TN:
SF:src\modules\users\application\use-cases\manage-user-roles.use-case.ts
FN:18,(anonymous_4)
FN:26,(anonymous_5)
FN:48,(anonymous_6)
FN:71,(anonymous_7)
FNF:4
FNH:1
FNDA:9,(anonymous_4)
FNDA:0,(anonymous_5)
FNDA:0,(anonymous_6)
FNDA:0,(anonymous_7)
DA:1,9
DA:9,9
DA:10,9
DA:17,9
DA:20,9
DA:27,0
DA:28,0
DA:29,0
DA:32,0
DA:33,0
DA:36,0
DA:38,0
DA:39,0
DA:41,0
DA:49,0
DA:50,0
DA:51,0
DA:54,0
DA:55,0
DA:58,0
DA:59,0
DA:61,0
DA:62,0
DA:64,0
DA:75,0
DA:76,0
DA:77,0
DA:81,0
DA:82,0
DA:85,0
DA:86,0
DA:87,0
DA:90,0
DA:93,0
DA:94,0
DA:97,0
DA:98,0
DA:100,0
LF:38
LH:5
BRDA:28,0,0,0
BRDA:32,1,0,0
BRDA:50,2,0,0
BRDA:54,3,0,0
BRDA:76,4,0,0
BRDA:81,5,0,0
BRDA:86,6,0,0
BRDA:93,7,0,0
BRF:8
BRH:0
end_of_record
TN:
SF:src\modules\users\application\use-cases\update-user-plan.use-case.ts
FN:20,(anonymous_4)
FN:27,(anonymous_5)
FNF:2
FNH:1
FNDA:9,(anonymous_4)
FNDA:0,(anonymous_5)
DA:1,9
DA:8,9
DA:10,9
DA:19,9
DA:22,9
DA:24,9
DA:31,0
DA:32,0
DA:33,0
DA:37,0
DA:39,0
DA:40,0
DA:43,0
DA:44,0
DA:47,0
DA:48,0
DA:51,0
DA:52,0
DA:55,0
DA:56,0
DA:59,0
DA:61,0
DA:63,0
LF:23
LH:6
BRDA:32,0,0,0
BRDA:39,1,0,0
BRDA:43,2,0,0
BRDA:47,3,0,0
BRDA:51,4,0,0
BRF:5
BRH:0
end_of_record
TN:
SF:src\modules\users\application\use-cases\update-user.use-case.ts
FN:19,(anonymous_4)
FN:24,(anonymous_5)
FNF:2
FNH:1
FNDA:9,(anonymous_4)
FNDA:0,(anonymous_5)
DA:1,9
DA:8,9
DA:10,9
DA:18,9
DA:21,9
DA:28,0
DA:29,0
DA:30,0
DA:34,0
DA:37,0
DA:38,0
DA:39,0
DA:40,0
DA:43,0
DA:44,0
DA:50,0
DA:51,0
DA:52,0
DA:56,0
DA:58,0
DA:59,0
DA:61,0
LF:22
LH:5
BRDA:29,0,0,0
BRDA:37,1,0,0
BRDA:39,2,0,0
BRDA:43,3,0,0
BRDA:50,4,0,0
BRF:5
BRH:0
end_of_record
TN:
SF:src\modules\users\domain\interfaces\repository.tokens.ts
FNF:0
FNH:0
DA:4,9
DA:5,9
LF:2
LH:2
BRF:0
BRH:0
end_of_record
TN:
SF:src\modules\users\entities\user.entity.ts
FN:14,(anonymous_2)
FN:16,(anonymous_3)
FN:23,(anonymous_4)
FN:235,(anonymous_5)
FN:247,(anonymous_6)
FN:259,(anonymous_7)
FN:268,(anonymous_8)
FN:269,(anonymous_9)
FN:277,(anonymous_10)
FN:278,(anonymous_11)
FN:285,(anonymous_12)
FN:293,(anonymous_13)
FN:301,(anonymous_14)
FN:309,(anonymous_15)
FN:317,(anonymous_16)
FN:325,(anonymous_17)
FN:333,(anonymous_18)
FN:135,(anonymous_19)
FN:135,(anonymous_20)
FNF:19
FNH:9
FNDA:43,(anonymous_2)
FNDA:9,(anonymous_3)
FNDA:9,(anonymous_4)
FNDA:0,(anonymous_5)
FNDA:0,(anonymous_6)
FNDA:6,(anonymous_7)
FNDA:0,(anonymous_8)
FNDA:0,(anonymous_9)
FNDA:0,(anonymous_10)
FNDA:0,(anonymous_11)
FNDA:0,(anonymous_12)
FNDA:0,(anonymous_13)
FNDA:0,(anonymous_14)
FNDA:0,(anonymous_15)
FNDA:138,(anonymous_16)
FNDA:4,(anonymous_17)
FNDA:1,(anonymous_18)
FNDA:9,(anonymous_19)
FNDA:9,(anonymous_20)
DA:1,9
DA:9,9
DA:10,9
DA:11,9
DA:14,52
DA:16,9
DA:17,9
DA:18,9
DA:19,9
DA:20,9
DA:23,9
DA:24,9
DA:25,9
DA:26,9
DA:36,9
DA:39,9
DA:46,9
DA:49,9
DA:56,9
DA:63,9
DA:70,9
DA:84,9
DA:96,9
DA:104,9
DA:112,9
DA:125,9
DA:133,9
DA:135,9
DA:136,9
DA:143,9
DA:156,9
DA:163,9
DA:176,9
DA:183,9
DA:191,9
DA:199,9
DA:207,9
DA:215,9
DA:222,9
DA:229,9
DA:236,0
DA:248,0
DA:249,0
DA:251,0
DA:260,6
DA:269,0
DA:278,0
DA:286,0
DA:294,0
DA:302,0
DA:310,0
DA:318,138
DA:326,4
DA:327,4
DA:334,1
DA:335,1
LF:56
LH:46
BRDA:16,0,0,9
BRDA:16,0,1,9
BRDA:23,1,0,9
BRDA:23,1,1,9
BRDA:237,2,0,0
BRDA:237,2,1,0
BRDA:237,2,2,0
BRDA:248,3,0,0
BRDA:318,4,0,138
BRDA:318,4,1,0
BRDA:327,5,0,4
BRDA:327,5,1,0
BRF:12
BRH:6
end_of_record
TN:
SF:src\modules\users\infrastructure\controllers\users.controller.ts
FN:37,(anonymous_4)
FN:45,(anonymous_5)
FN:66,(anonymous_6)
FN:80,(anonymous_7)
FN:99,(anonymous_8)
FN:126,(anonymous_9)
FN:161,(anonymous_10)
FN:193,(anonymous_11)
FN:219,(anonymous_12)
FN:254,(anonymous_13)
FNF:10
FNH:1
FNDA:9,(anonymous_4)
FNDA:0,(anonymous_5)
FNDA:0,(anonymous_6)
FNDA:0,(anonymous_7)
FNDA:0,(anonymous_8)
FNDA:0,(anonymous_9)
FNDA:0,(anonymous_10)
FNDA:0,(anonymous_11)
FNDA:0,(anonymous_12)
FNDA:0,(anonymous_13)
DA:1,9
DA:16,9
DA:17,9
DA:18,9
DA:19,9
DA:20,9
DA:21,9
DA:22,9
DA:23,9
DA:24,9
DA:36,9
DA:37,9
DA:45,9
DA:46,0
DA:47,0
DA:49,0
DA:50,0
DA:55,0
DA:56,0
DA:66,9
DA:70,0
DA:71,0
DA:80,9
DA:82,0
DA:83,0
DA:88,0
DA:99,9
DA:104,0
DA:105,0
DA:108,0
DA:109,0
DA:110,0
DA:114,0
DA:115,0
DA:126,9
DA:131,0
DA:132,0
DA:135,0
DA:136,0
DA:137,0
DA:140,0
DA:161,9
DA:165,0
DA:166,0
DA:193,9
DA:194,0
DA:195,0
DA:219,9
DA:220,0
DA:221,0
DA:254,9
DA:259,0
DA:260,0
DA:261,0
DA:264,0
DA:265,0
LF:56
LH:21
BRDA:49,0,0,0
BRDA:82,1,0,0
BRDA:104,2,0,0
BRDA:104,3,0,0
BRDA:104,3,1,0
BRDA:109,4,0,0
BRDA:131,5,0,0
BRDA:131,6,0,0
BRDA:131,6,1,0
BRDA:136,7,0,0
BRDA:260,8,0,0
BRF:11
BRH:0
end_of_record
TN:
SF:src\modules\users\infrastructure\repositories\typeorm-tarotista.repository.ts
FN:13,(anonymous_4)
FN:18,(anonymous_5)
FNF:2
FNH:1
FNDA:9,(anonymous_4)
FNDA:0,(anonymous_5)
DA:1,9
DA:2,9
DA:3,9
DA:5,9
DA:12,9
DA:15,9
DA:19,0
LF:7
LH:6
BRF:0
BRH:0
end_of_record
TN:
SF:src\modules\users\infrastructure\repositories\typeorm-user.repository.ts
FN:14,(anonymous_4)
FN:19,(anonymous_5)
FN:40,(anonymous_6)
FN:46,(anonymous_7)
FN:50,(anonymous_8)
FN:53,(anonymous_9)
FN:60,(anonymous_10)
FN:71,(anonymous_11)
FN:75,(anonymous_12)
FN:138,(anonymous_13)
FN:157,(anonymous_14)
FNF:11
FNH:1
FNDA:9,(anonymous_4)
FNDA:0,(anonymous_5)
FNDA:0,(anonymous_6)
FNDA:0,(anonymous_7)
FNDA:0,(anonymous_8)
FNDA:0,(anonymous_9)
FNDA:0,(anonymous_10)
FNDA:0,(anonymous_11)
FNDA:0,(anonymous_12)
FNDA:0,(anonymous_13)
FNDA:0,(anonymous_14)
DA:1,9
DA:2,9
DA:3,9
DA:5,9
DA:13,9
DA:16,9
DA:24,0
DA:30,0
DA:31,0
DA:33,0
DA:34,0
DA:36,0
DA:41,0
DA:47,0
DA:51,0
DA:53,0
DA:55,0
DA:56,0
DA:61,0
DA:62,0
DA:64,0
DA:65,0
DA:67,0
DA:72,0
DA:85,0
DA:87,0
DA:90,0
DA:91,0
DA:98,0
DA:99,0
DA:105,0
DA:106,0
DA:112,0
DA:113,0
DA:114,0
DA:116,0
DA:121,0
DA:128,0
DA:129,0
DA:132,0
DA:133,0
DA:135,0
DA:138,0
DA:140,0
DA:141,0
DA:144,0
DA:146,0
DA:158,0
LF:48
LH:6
BRDA:81,0,0,0
BRDA:82,1,0,0
BRDA:83,2,0,0
BRDA:84,3,0,0
BRDA:90,4,0,0
BRDA:98,5,0,0
BRDA:105,6,0,0
BRDA:112,7,0,0
BRDA:113,8,0,0
BRDA:113,8,1,0
BRDA:128,9,0,0
BRDA:128,9,1,0
BRF:12
BRH:0
end_of_record
